\BOOKMARK [0][-]{chapter.1}{\376\377\0001\000\040\000N\000a\000m\000e\000s\000p\000a\000c\000e\000\040\000I\000n\000d\000e\000x}{}% 1
\BOOKMARK [1][-]{section.1.1}{\376\377\0001\000.\0001\000\040\000N\000a\000m\000e\000s\000p\000a\000c\000e\000\040\000L\000i\000s\000t}{chapter.1}% 2
\BOOKMARK [0][-]{chapter.2}{\376\377\0002\000\040\000H\000i\000e\000r\000a\000r\000c\000h\000i\000c\000a\000l\000\040\000I\000n\000d\000e\000x}{}% 3
\BOOKMARK [1][-]{section.2.1}{\376\377\0002\000.\0001\000\040\000C\000l\000a\000s\000s\000\040\000H\000i\000e\000r\000a\000r\000c\000h\000y}{chapter.2}% 4
\BOOKMARK [0][-]{chapter.3}{\376\377\0003\000\040\000C\000l\000a\000s\000s\000\040\000I\000n\000d\000e\000x}{}% 5
\BOOKMARK [1][-]{section.3.1}{\376\377\0003\000.\0001\000\040\000C\000l\000a\000s\000s\000\040\000L\000i\000s\000t}{chapter.3}% 6
\BOOKMARK [0][-]{chapter.4}{\376\377\0004\000\040\000F\000i\000l\000e\000\040\000I\000n\000d\000e\000x}{}% 7
\BOOKMARK [1][-]{section.4.1}{\376\377\0004\000.\0001\000\040\000F\000i\000l\000e\000\040\000L\000i\000s\000t}{chapter.4}% 8
\BOOKMARK [0][-]{chapter.5}{\376\377\0005\000\040\000N\000a\000m\000e\000s\000p\000a\000c\000e\000\040\000D\000o\000c\000u\000m\000e\000n\000t\000a\000t\000i\000o\000n}{}% 9
\BOOKMARK [1][-]{section.5.1}{\376\377\0005\000.\0001\000\040\000C\000o\000l\000l\000e\000c\000t\000i\000o\000n\000\040\000N\000a\000m\000e\000s\000p\000a\000c\000e\000\040\000R\000e\000f\000e\000r\000e\000n\000c\000e}{chapter.5}% 10
\BOOKMARK [2][-]{subsection.5.1.1}{\376\377\0005\000.\0001\000.\0001\000\040\000D\000e\000t\000a\000i\000l\000e\000d\000\040\000D\000e\000s\000c\000r\000i\000p\000t\000i\000o\000n}{section.5.1}% 11
\BOOKMARK [1][-]{section.5.2}{\376\377\0005\000.\0002\000\040\000f\000a\000k\000e\000S\000e\000r\000i\000a\000l\000\040\000N\000a\000m\000e\000s\000p\000a\000c\000e\000\040\000R\000e\000f\000e\000r\000e\000n\000c\000e}{chapter.5}% 12
\BOOKMARK [2][-]{subsection.5.2.1}{\376\377\0005\000.\0002\000.\0001\000\040\000D\000e\000t\000a\000i\000l\000e\000d\000\040\000D\000e\000s\000c\000r\000i\000p\000t\000i\000o\000n}{section.5.2}% 13
\BOOKMARK [1][-]{section.5.3}{\376\377\0005\000.\0003\000\040\000g\000u\000i\000\040\000N\000a\000m\000e\000s\000p\000a\000c\000e\000\040\000R\000e\000f\000e\000r\000e\000n\000c\000e}{chapter.5}% 14
\BOOKMARK [2][-]{subsection.5.3.1}{\376\377\0005\000.\0003\000.\0001\000\040\000D\000e\000t\000a\000i\000l\000e\000d\000\040\000D\000e\000s\000c\000r\000i\000p\000t\000i\000o\000n}{section.5.3}% 15
\BOOKMARK [2][-]{subsection.5.3.2}{\376\377\0005\000.\0003\000.\0002\000\040\000F\000u\000n\000c\000t\000i\000o\000n\000\040\000D\000o\000c\000u\000m\000e\000n\000t\000a\000t\000i\000o\000n}{section.5.3}% 16
\BOOKMARK [3][-]{subsubsection.5.3.2.1}{\376\377\0005\000.\0003\000.\0002\000.\0001\000\040\000c\000h\000e\000c\000k\000\137\000i\000n\000p\000u\000t\000\050\000\051}{subsection.5.3.2}% 17
\BOOKMARK [3][-]{subsubsection.5.3.2.2}{\376\377\0005\000.\0003\000.\0002\000.\0002\000\040\000c\000o\000m\000b\000i\000n\000e\000\137\000f\000u\000n\000c\000s\000\050\000\051}{subsection.5.3.2}% 18
\BOOKMARK [3][-]{subsubsection.5.3.2.3}{\376\377\0005\000.\0003\000.\0002\000.\0003\000\040\000m\000e\000s\000s\000a\000g\000e\000\137\000p\000r\000o\000m\000p\000t\000\050\000\051}{subsection.5.3.2}% 19
\BOOKMARK [2][-]{subsection.5.3.3}{\376\377\0005\000.\0003\000.\0003\000\040\000V\000a\000r\000i\000a\000b\000l\000e\000\040\000D\000o\000c\000u\000m\000e\000n\000t\000a\000t\000i\000o\000n}{section.5.3}% 20
\BOOKMARK [3][-]{subsubsection.5.3.3.1}{\376\377\0005\000.\0003\000.\0003\000.\0001\000\040\000a\000p\000p}{subsection.5.3.3}% 21
\BOOKMARK [3][-]{subsubsection.5.3.3.2}{\376\377\0005\000.\0003\000.\0003\000.\0002\000\040\000L\000A\000R\000G\000E\000\137\000F\000O\000N\000T}{subsection.5.3.3}% 22
\BOOKMARK [1][-]{section.5.4}{\376\377\0005\000.\0004\000\040\000M\000s\000w\000i\000t\000c\000h\000\040\000N\000a\000m\000e\000s\000p\000a\000c\000e\000\040\000R\000e\000f\000e\000r\000e\000n\000c\000e}{chapter.5}% 23
\BOOKMARK [2][-]{subsection.5.4.1}{\376\377\0005\000.\0004\000.\0001\000\040\000D\000e\000t\000a\000i\000l\000e\000d\000\040\000D\000e\000s\000c\000r\000i\000p\000t\000i\000o\000n}{section.5.4}% 24
\BOOKMARK [1][-]{section.5.5}{\376\377\0005\000.\0005\000\040\000P\000u\000m\000p\000\040\000N\000a\000m\000e\000s\000p\000a\000c\000e\000\040\000R\000e\000f\000e\000r\000e\000n\000c\000e}{chapter.5}% 25
\BOOKMARK [2][-]{subsection.5.5.1}{\376\377\0005\000.\0005\000.\0001\000\040\000D\000e\000t\000a\000i\000l\000e\000d\000\040\000D\000e\000s\000c\000r\000i\000p\000t\000i\000o\000n}{section.5.5}% 26
\BOOKMARK [2][-]{subsection.5.5.2}{\376\377\0005\000.\0005\000.\0002\000\040\000F\000u\000n\000c\000t\000i\000o\000n\000\040\000D\000o\000c\000u\000m\000e\000n\000t\000a\000t\000i\000o\000n}{section.5.5}% 27
\BOOKMARK [3][-]{subsubsection.5.5.2.1}{\376\377\0005\000.\0005\000.\0002\000.\0001\000\040\000g\000e\000t\000\137\000p\000o\000r\000t\000s\000\050\000\051}{subsection.5.5.2}% 28
\BOOKMARK [1][-]{section.5.6}{\376\377\0005\000.\0006\000\040\000T\000w\000o\000S\000w\000i\000t\000c\000h\000\040\000N\000a\000m\000e\000s\000p\000a\000c\000e\000\040\000R\000e\000f\000e\000r\000e\000n\000c\000e}{chapter.5}% 29
\BOOKMARK [2][-]{subsection.5.6.1}{\376\377\0005\000.\0006\000.\0001\000\040\000D\000e\000t\000a\000i\000l\000e\000d\000\040\000D\000e\000s\000c\000r\000i\000p\000t\000i\000o\000n}{section.5.6}% 30
\BOOKMARK [0][-]{chapter.6}{\376\377\0006\000\040\000C\000l\000a\000s\000s\000\040\000D\000o\000c\000u\000m\000e\000n\000t\000a\000t\000i\000o\000n}{}% 31
\BOOKMARK [1][-]{section.6.1}{\376\377\0006\000.\0001\000\040\000g\000u\000i\000.\000A\000p\000p\000\040\000C\000l\000a\000s\000s\000\040\000R\000e\000f\000e\000r\000e\000n\000c\000e}{chapter.6}% 32
\BOOKMARK [2][-]{subsection.6.1.1}{\376\377\0006\000.\0001\000.\0001\000\040\000D\000e\000t\000a\000i\000l\000e\000d\000\040\000D\000e\000s\000c\000r\000i\000p\000t\000i\000o\000n}{section.6.1}% 33
\BOOKMARK [2][-]{subsection.6.1.2}{\376\377\0006\000.\0001\000.\0002\000\040\000C\000o\000n\000s\000t\000r\000u\000c\000t\000o\000r\000\040\000\046\000\040\000D\000e\000s\000t\000r\000u\000c\000t\000o\000r\000\040\000D\000o\000c\000u\000m\000e\000n\000t\000a\000t\000i\000o\000n}{section.6.1}% 34
\BOOKMARK [3][-]{subsubsection.6.1.2.1}{\376\377\0006\000.\0001\000.\0002\000.\0001\000\040\000\137\000\137\000i\000n\000i\000t\000\137\000\137\000\050\000\051}{subsection.6.1.2}% 35
\BOOKMARK [2][-]{subsection.6.1.3}{\376\377\0006\000.\0001\000.\0003\000\040\000M\000e\000m\000b\000e\000r\000\040\000F\000u\000n\000c\000t\000i\000o\000n\000\040\000D\000o\000c\000u\000m\000e\000n\000t\000a\000t\000i\000o\000n}{section.6.1}% 36
\BOOKMARK [3][-]{subsubsection.6.1.3.1}{\376\377\0006\000.\0001\000.\0003\000.\0001\000\040\000d\000o\000n\000e\000\137\000a\000n\000d\000\137\000l\000o\000a\000d\000\050\000\051}{subsection.6.1.3}% 37
\BOOKMARK [3][-]{subsubsection.6.1.3.2}{\376\377\0006\000.\0001\000.\0003\000.\0002\000\040\000g\000e\000t\000\137\000c\000o\000m\000p\000o\000r\000t\000\050\000\051}{subsection.6.1.3}% 38
\BOOKMARK [3][-]{subsubsection.6.1.3.3}{\376\377\0006\000.\0001\000.\0003\000.\0003\000\040\000g\000e\000t\000\137\000p\000o\000r\000t\000s\000\050\000\051}{subsection.6.1.3}% 39
\BOOKMARK [3][-]{subsubsection.6.1.3.4}{\376\377\0006\000.\0001\000.\0003\000.\0004\000\040\000m\000e\000s\000s\000a\000g\000e\000\137\000w\000i\000n\000d\000o\000w\000\050\000\051}{subsection.6.1.3}% 40
\BOOKMARK [3][-]{subsubsection.6.1.3.5}{\376\377\0006\000.\0001\000.\0003\000.\0005\000\040\000n\000e\000g\000a\000t\000i\000v\000e\000\137\000r\000u\000n\000\137\000s\000t\000a\000t\000u\000s\000\050\000\051}{subsection.6.1.3}% 41
\BOOKMARK [3][-]{subsubsection.6.1.3.6}{\376\377\0006\000.\0001\000.\0003\000.\0006\000\040\000p\000o\000s\000i\000t\000i\000v\000e\000\137\000r\000u\000n\000\137\000s\000t\000a\000t\000u\000s\000\050\000\051}{subsection.6.1.3}% 42
\BOOKMARK [3][-]{subsubsection.6.1.3.7}{\376\377\0006\000.\0001\000.\0003\000.\0007\000\040\000s\000e\000t\000\137\000d\000e\000f\000a\000u\000l\000t\000s\000\050\000\051}{subsection.6.1.3}% 43
\BOOKMARK [3][-]{subsubsection.6.1.3.8}{\376\377\0006\000.\0001\000.\0003\000.\0008\000\040\000s\000h\000o\000w\000\137\000f\000r\000a\000m\000e\000\050\000\051}{subsection.6.1.3}% 44
\BOOKMARK [2][-]{subsection.6.1.4}{\376\377\0006\000.\0001\000.\0004\000\040\000M\000e\000m\000b\000e\000r\000\040\000D\000a\000t\000a\000\040\000D\000o\000c\000u\000m\000e\000n\000t\000a\000t\000i\000o\000n}{section.6.1}% 45
\BOOKMARK [3][-]{subsubsection.6.1.4.1}{\376\377\0006\000.\0001\000.\0004\000.\0001\000\040\000a\000p\000p\000H\000i\000g\000h\000l\000i\000g\000h\000t\000F\000o\000n\000t}{subsection.6.1.4}% 46
\BOOKMARK [3][-]{subsubsection.6.1.4.2}{\376\377\0006\000.\0001\000.\0004\000.\0002\000\040\000b\000u\000t\000t\000o\000n\000F\000o\000n\000t}{subsection.6.1.4}% 47
\BOOKMARK [3][-]{subsubsection.6.1.4.3}{\376\377\0006\000.\0001\000.\0004\000.\0003\000\040\000d\000e\000f\000a\000u\000l\000t\000\137\000d\000i\000a\000m\000e\000t\000e\000r\000\137\000i\000n\000d\000e\000x}{subsection.6.1.4}% 48
\BOOKMARK [3][-]{subsubsection.6.1.4.4}{\376\377\0006\000.\0001\000.\0004\000.\0004\000\040\000f\000r\000a\000m\000e\000s}{subsection.6.1.4}% 49
\BOOKMARK [3][-]{subsubsection.6.1.4.5}{\376\377\0006\000.\0001\000.\0004\000.\0005\000\040\000h\000a\000s\000C\000o\000l\000l}{subsection.6.1.4}% 50
\BOOKMARK [3][-]{subsubsection.6.1.4.6}{\376\377\0006\000.\0001\000.\0004\000.\0006\000\040\000h\000a\000s\000M\000a\000n\000i}{subsection.6.1.4}% 51
\BOOKMARK [3][-]{subsubsection.6.1.4.7}{\376\377\0006\000.\0001\000.\0004\000.\0007\000\040\000h\000a\000s\000P\000u\000m\000p}{subsection.6.1.4}% 52
\BOOKMARK [3][-]{subsubsection.6.1.4.8}{\376\377\0006\000.\0001\000.\0004\000.\0008\000\040\000m\000a\000x\000\137\000f\000l\000o\000w\000r\000a\000t\000e\000\137\0001}{subsection.6.1.4}% 53
\BOOKMARK [3][-]{subsubsection.6.1.4.9}{\376\377\0006\000.\0001\000.\0004\000.\0009\000\040\000m\000a\000x\000\137\000f\000l\000o\000w\000r\000a\000t\000e\000\137\0002}{subsection.6.1.4}% 54
\BOOKMARK [3][-]{subsubsection.6.1.4.10}{\376\377\0006\000.\0001\000.\0004\000.\0001\0000\000\040\000m\000a\000x\000\137\000f\000l\000o\000w\000r\000a\000t\000e\000\137\0003}{subsection.6.1.4}% 55
\BOOKMARK [3][-]{subsubsection.6.1.4.11}{\376\377\0006\000.\0001\000.\0004\000.\0001\0001\000\040\000m\000a\000x\000\137\000f\000l\000o\000w\000r\000a\000t\000e\000\137\000l\000i\000s\000t}{subsection.6.1.4}% 56
\BOOKMARK [3][-]{subsubsection.6.1.4.12}{\376\377\0006\000.\0001\000.\0004\000.\0001\0002\000\040\000m\000y\0002\000S\000w\000i\000t\000c\000h}{subsection.6.1.4}% 57
\BOOKMARK [3][-]{subsubsection.6.1.4.13}{\376\377\0006\000.\0001\000.\0004\000.\0001\0003\000\040\000m\000y\000C\000o\000l\000l}{subsection.6.1.4}% 58
\BOOKMARK [3][-]{subsubsection.6.1.4.14}{\376\377\0006\000.\0001\000.\0004\000.\0001\0004\000\040\000m\000y\000M\000a\000n\000i}{subsection.6.1.4}% 59
\BOOKMARK [3][-]{subsubsection.6.1.4.15}{\376\377\0006\000.\0001\000.\0004\000.\0001\0005\000\040\000m\000y\000P\000u\000m\000p}{subsection.6.1.4}% 60
\BOOKMARK [3][-]{subsubsection.6.1.4.16}{\376\377\0006\000.\0001\000.\0004\000.\0001\0006\000\040\000p\000a\000g\000e\000F\000o\000n\000t}{subsection.6.1.4}% 61
\BOOKMARK [3][-]{subsubsection.6.1.4.17}{\376\377\0006\000.\0001\000.\0004\000.\0001\0007\000\040\000p\000o\000r\000t\0002\000S\000w\000i\000t\000c\000h}{subsection.6.1.4}% 62
\BOOKMARK [3][-]{subsubsection.6.1.4.18}{\376\377\0006\000.\0001\000.\0004\000.\0001\0008\000\040\000p\000o\000r\000t\000C\000o\000l\000l}{subsection.6.1.4}% 63
\BOOKMARK [3][-]{subsubsection.6.1.4.19}{\376\377\0006\000.\0001\000.\0004\000.\0001\0009\000\040\000p\000o\000r\000t\000M\000a\000n\000i}{subsection.6.1.4}% 64
\BOOKMARK [3][-]{subsubsection.6.1.4.20}{\376\377\0006\000.\0001\000.\0004\000.\0002\0000\000\040\000p\000o\000r\000t\000P\000u\000m\000p}{subsection.6.1.4}% 65
\BOOKMARK [3][-]{subsubsection.6.1.4.21}{\376\377\0006\000.\0001\000.\0004\000.\0002\0001\000\040\000p\000o\000r\000t\000s}{subsection.6.1.4}% 66
\BOOKMARK [3][-]{subsubsection.6.1.4.22}{\376\377\0006\000.\0001\000.\0004\000.\0002\0002\000\040\000s\000h\000o\000u\000l\000d\000\137\000b\000e\000\137\000r\000u\000n\000n\000i\000n\000g}{subsection.6.1.4}% 67
\BOOKMARK [3][-]{subsubsection.6.1.4.23}{\376\377\0006\000.\0001\000.\0004\000.\0002\0003\000\040\000w\000e\000l\000l\000\137\000w\000o\000r\000k\000i\000n\000g\000\137\000v\000o\000l\000u\000m\000e}{subsection.6.1.4}% 68
\BOOKMARK [1][-]{section.6.2}{\376\377\0006\000.\0002\000\040\000g\000u\000i\000.\000A\000u\000t\000o\000m\000a\000t\000i\000c\000P\000a\000g\000e\000\040\000C\000l\000a\000s\000s\000\040\000R\000e\000f\000e\000r\000e\000n\000c\000e}{chapter.6}% 69
\BOOKMARK [2][-]{subsection.6.2.1}{\376\377\0006\000.\0002\000.\0001\000\040\000C\000o\000n\000s\000t\000r\000u\000c\000t\000o\000r\000\040\000\046\000\040\000D\000e\000s\000t\000r\000u\000c\000t\000o\000r\000\040\000D\000o\000c\000u\000m\000e\000n\000t\000a\000t\000i\000o\000n}{section.6.2}% 70
\BOOKMARK [3][-]{subsubsection.6.2.1.1}{\376\377\0006\000.\0002\000.\0001\000.\0001\000\040\000\137\000\137\000i\000n\000i\000t\000\137\000\137\000\050\000\051}{subsection.6.2.1}% 71
\BOOKMARK [2][-]{subsection.6.2.2}{\376\377\0006\000.\0002\000.\0002\000\040\000M\000e\000m\000b\000e\000r\000\040\000F\000u\000n\000c\000t\000i\000o\000n\000\040\000D\000o\000c\000u\000m\000e\000n\000t\000a\000t\000i\000o\000n}{section.6.2}% 72
\BOOKMARK [3][-]{subsubsection.6.2.2.1}{\376\377\0006\000.\0002\000.\0002\000.\0001\000\040\000a\000d\000d\000\137\000s\000t\000e\000p\000\050\000\051}{subsection.6.2.2}% 73
\BOOKMARK [3][-]{subsubsection.6.2.2.2}{\376\377\0006\000.\0002\000.\0002\000.\0002\000\040\000c\000h\000e\000c\000k\000\137\000c\000h\000a\000n\000n\000e\000l\000\050\000\051}{subsection.6.2.2}% 74
\BOOKMARK [3][-]{subsubsection.6.2.2.3}{\376\377\0006\000.\0002\000.\0002\000.\0003\000\040\000c\000l\000e\000a\000r\000\137\000r\000e\000c\000i\000p\000e\000\050\000\051}{subsection.6.2.2}% 75
\BOOKMARK [3][-]{subsubsection.6.2.2.4}{\376\377\0006\000.\0002\000.\0002\000.\0004\000\040\000c\000r\000e\000a\000t\000e\000\137\000s\000t\000e\000p\000\050\000\051}{subsection.6.2.2}% 76
\BOOKMARK [3][-]{subsubsection.6.2.2.5}{\376\377\0006\000.\0002\000.\0002\000.\0005\000\040\000d\000e\000l\000e\000t\000e\000\137\000s\000t\000e\000p\000\050\000\051}{subsection.6.2.2}% 77
\BOOKMARK [3][-]{subsubsection.6.2.2.6}{\376\377\0006\000.\0002\000.\0002\000.\0006\000\040\000f\000i\000l\000e\000\137\000l\000o\000a\000d\000\050\000\051}{subsection.6.2.2}% 78
\BOOKMARK [3][-]{subsubsection.6.2.2.7}{\376\377\0006\000.\0002\000.\0002\000.\0007\000\040\000f\000i\000l\000e\000\137\000s\000a\000v\000e\000\050\000\051}{subsection.6.2.2}% 79
\BOOKMARK [3][-]{subsubsection.6.2.2.8}{\376\377\0006\000.\0002\000.\0002\000.\0008\000\040\000r\000u\000n\000\137\000r\000e\000c\000i\000p\000e\000\050\000\051}{subsection.6.2.2}% 80
\BOOKMARK [2][-]{subsection.6.2.3}{\376\377\0006\000.\0002\000.\0003\000\040\000M\000e\000m\000b\000e\000r\000\040\000D\000a\000t\000a\000\040\000D\000o\000c\000u\000m\000e\000n\000t\000a\000t\000i\000o\000n}{section.6.2}% 81
\BOOKMARK [3][-]{subsubsection.6.2.3.1}{\376\377\0006\000.\0002\000.\0003\000.\0001\000\040\000c\000h\000a\000n\000n\000e\000l\000s}{subsection.6.2.3}% 82
\BOOKMARK [3][-]{subsubsection.6.2.3.2}{\376\377\0006\000.\0002\000.\0003\000.\0002\000\040\000c\000l\000e\000a\000r\000b\000u\000t\000t\000o\000n}{subsection.6.2.3}% 83
\BOOKMARK [3][-]{subsubsection.6.2.3.3}{\376\377\0006\000.\0002\000.\0003\000.\0003\000\040\000d\000e\000l\000e\000t\000e\000s\000t\000e\000p}{subsection.6.2.3}% 84
\BOOKMARK [3][-]{subsubsection.6.2.3.4}{\376\377\0006\000.\0002\000.\0003\000.\0004\000\040\000d\000e\000l\000e\000t\000e\000s\000t\000e\000p\000c\000o\000m\000b\000o}{subsection.6.2.3}% 85
\BOOKMARK [3][-]{subsubsection.6.2.3.5}{\376\377\0006\000.\0002\000.\0003\000.\0005\000\040\000e\000j\000e\000c\000t\000b\000u\000t\000t\000o\000n}{subsection.6.2.3}% 86
\BOOKMARK [3][-]{subsubsection.6.2.3.6}{\376\377\0006\000.\0002\000.\0003\000.\0006\000\040\000h\000e\000a\000d\000i\000n\000g\000l\000a\000b\000e\000l}{subsection.6.2.3}% 87
\BOOKMARK [3][-]{subsubsection.6.2.3.7}{\376\377\0006\000.\0002\000.\0003\000.\0007\000\040\000l\000o\000a\000d\000b\000u\000t\000t\000o\000n}{subsection.6.2.3}% 88
\BOOKMARK [3][-]{subsubsection.6.2.3.8}{\376\377\0006\000.\0002\000.\0003\000.\0008\000\040\000m\000a\000i\000n\000l\000a\000b\000e\000l}{subsection.6.2.3}% 89
\BOOKMARK [3][-]{subsubsection.6.2.3.9}{\376\377\0006\000.\0002\000.\0003\000.\0009\000\040\000m\000a\000n\000u\000a\000l\000b\000u\000t\000t\000o\000n}{subsection.6.2.3}% 90
\BOOKMARK [3][-]{subsubsection.6.2.3.10}{\376\377\0006\000.\0002\000.\0003\000.\0001\0000\000\040\000n\000e\000w\000s\000t\000e\000p}{subsection.6.2.3}% 91
\BOOKMARK [3][-]{subsubsection.6.2.3.11}{\376\377\0006\000.\0002\000.\0003\000.\0001\0001\000\040\000n\000u\000m\000b\000e\000r\000\137\000d\000e\000l\000e\000t\000e\000d}{subsection.6.2.3}% 92
\BOOKMARK [3][-]{subsubsection.6.2.3.12}{\376\377\0006\000.\0002\000.\0003\000.\0001\0002\000\040\000n\000u\000m\000b\000e\000r\000l\000i\000s\000t}{subsection.6.2.3}% 93
\BOOKMARK [3][-]{subsubsection.6.2.3.13}{\376\377\0006\000.\0002\000.\0003\000.\0001\0003\000\040\000r\000e\000s\000e\000r\000v\000o\000i\000r\000s}{subsection.6.2.3}% 94
\BOOKMARK [3][-]{subsubsection.6.2.3.14}{\376\377\0006\000.\0002\000.\0003\000.\0001\0004\000\040\000r\000u\000n\000b\000u\000t\000t\000o\000n}{subsection.6.2.3}% 95
\BOOKMARK [3][-]{subsubsection.6.2.3.15}{\376\377\0006\000.\0002\000.\0003\000.\0001\0005\000\040\000s\000a\000v\000e\000b\000u\000t\000t\000o\000n}{subsection.6.2.3}% 96
\BOOKMARK [3][-]{subsubsection.6.2.3.16}{\376\377\0006\000.\0002\000.\0003\000.\0001\0006\000\040\000s\000e\000t\000t\000i\000n\000g\000s\000b\000u\000t\000t\000o\000n}{subsection.6.2.3}% 97
\BOOKMARK [3][-]{subsubsection.6.2.3.17}{\376\377\0006\000.\0002\000.\0003\000.\0001\0007\000\040\000s\000t\000e\000p\000l\000i\000s\000t}{subsection.6.2.3}% 98
\BOOKMARK [3][-]{subsubsection.6.2.3.18}{\376\377\0006\000.\0002\000.\0003\000.\0001\0008\000\040\000s\000t\000e\000p\000n\000u\000m\000b\000e\000r\000s}{subsection.6.2.3}% 99
\BOOKMARK [3][-]{subsubsection.6.2.3.19}{\376\377\0006\000.\0002\000.\0003\000.\0001\0009\000\040\000t\000o\000d\000e\000l\000e\000t\000e}{subsection.6.2.3}% 100
\BOOKMARK [3][-]{subsubsection.6.2.3.20}{\376\377\0006\000.\0002\000.\0003\000.\0002\0000\000\040\000t\000w\000o\000S\000w\000i\000t\000c\000h\000V\000a\000l\000u\000e\000s}{subsection.6.2.3}% 101
\BOOKMARK [1][-]{section.6.3}{\376\377\0006\000.\0003\000\040\000C\000o\000l\000l\000e\000c\000t\000i\000o\000n\000.\000C\000o\000l\000l\000e\000c\000t\000a\000d\000o\000r\000\040\000C\000l\000a\000s\000s\000\040\000R\000e\000f\000e\000r\000e\000n\000c\000e}{chapter.6}% 102
\BOOKMARK [2][-]{subsection.6.3.1}{\376\377\0006\000.\0003\000.\0001\000\040\000D\000e\000t\000a\000i\000l\000e\000d\000\040\000D\000e\000s\000c\000r\000i\000p\000t\000i\000o\000n}{section.6.3}% 103
\BOOKMARK [2][-]{subsection.6.3.2}{\376\377\0006\000.\0003\000.\0002\000\040\000C\000o\000n\000s\000t\000r\000u\000c\000t\000o\000r\000\040\000\046\000\040\000D\000e\000s\000t\000r\000u\000c\000t\000o\000r\000\040\000D\000o\000c\000u\000m\000e\000n\000t\000a\000t\000i\000o\000n}{section.6.3}% 104
\BOOKMARK [3][-]{subsubsection.6.3.2.1}{\376\377\0006\000.\0003\000.\0002\000.\0001\000\040\000\137\000\137\000i\000n\000i\000t\000\137\000\137\000\050\000\051}{subsection.6.3.2}% 105
\BOOKMARK [2][-]{subsection.6.3.3}{\376\377\0006\000.\0003\000.\0003\000\040\000M\000e\000m\000b\000e\000r\000\040\000F\000u\000n\000c\000t\000i\000o\000n\000\040\000D\000o\000c\000u\000m\000e\000n\000t\000a\000t\000i\000o\000n}{section.6.3}% 106
\BOOKMARK [3][-]{subsubsection.6.3.3.1}{\376\377\0006\000.\0003\000.\0003\000.\0001\000\040\000c\000h\000o\000p\000\137\000r\000e\000t\000u\000r\000n\000\050\000\051}{subsection.6.3.3}% 107
\BOOKMARK [3][-]{subsubsection.6.3.3.2}{\376\377\0006\000.\0003\000.\0003\000.\0002\000\040\000e\000j\000e\000c\000t\000\050\000\051}{subsection.6.3.3}% 108
\BOOKMARK [3][-]{subsubsection.6.3.3.3}{\376\377\0006\000.\0003\000.\0003\000.\0003\000\040\000g\000e\000t\000\137\000i\000n\000f\000o\000\050\000\051}{subsection.6.3.3}% 109
\BOOKMARK [3][-]{subsubsection.6.3.3.4}{\376\377\0006\000.\0003\000.\0003\000.\0004\000\040\000l\000a\000s\000t\000\137\000s\000i\000t\000e\000\050\000\051}{subsection.6.3.3}% 110
\BOOKMARK [3][-]{subsubsection.6.3.3.5}{\376\377\0006\000.\0003\000.\0003\000.\0005\000\040\000m\000o\000v\000e\000O\000n\000e\000D\000o\000w\000n\000\050\000\051}{subsection.6.3.3}% 111
\BOOKMARK [3][-]{subsubsection.6.3.3.6}{\376\377\0006\000.\0003\000.\0003\000.\0006\000\040\000m\000o\000v\000e\000O\000n\000e\000L\000e\000f\000t\000\050\000\051}{subsection.6.3.3}% 112
\BOOKMARK [3][-]{subsubsection.6.3.3.7}{\376\377\0006\000.\0003\000.\0003\000.\0007\000\040\000m\000o\000v\000e\000O\000n\000e\000R\000i\000g\000h\000t\000\050\000\051}{subsection.6.3.3}% 113
\BOOKMARK [3][-]{subsubsection.6.3.3.8}{\376\377\0006\000.\0003\000.\0003\000.\0008\000\040\000m\000o\000v\000e\000O\000n\000e\000U\000p\000\050\000\051}{subsection.6.3.3}% 114
\BOOKMARK [3][-]{subsubsection.6.3.3.9}{\376\377\0006\000.\0003\000.\0003\000.\0009\000\040\000n\000e\000x\000t\000\137\000s\000i\000t\000e\000\050\000\051}{subsection.6.3.3}% 115
\BOOKMARK [3][-]{subsubsection.6.3.3.10}{\376\377\0006\000.\0003\000.\0003\000.\0001\0000\000\040\000r\000e\000s\000e\000t\000\050\000\051}{subsection.6.3.3}% 116
\BOOKMARK [3][-]{subsubsection.6.3.3.11}{\376\377\0006\000.\0003\000.\0003\000.\0001\0001\000\040\000s\000e\000n\000d\000\050\000\051}{subsection.6.3.3}% 117
\BOOKMARK [3][-]{subsubsection.6.3.3.12}{\376\377\0006\000.\0003\000.\0003\000.\0001\0002\000\040\000s\000e\000r\000i\000a\000l\000\137\000c\000o\000n\000n\000e\000c\000t\000\050\000\051}{subsection.6.3.3}% 118
\BOOKMARK [3][-]{subsubsection.6.3.3.13}{\376\377\0006\000.\0003\000.\0003\000.\0001\0003\000\040\000s\000e\000t\000O\000r\000i\000g\000i\000n\000\050\000\051}{subsection.6.3.3}% 119
\BOOKMARK [3][-]{subsubsection.6.3.3.14}{\376\377\0006\000.\0003\000.\0003\000.\0001\0004\000\040\000t\000o\000g\000g\000l\000e\000\137\000p\000a\000t\000t\000e\000r\000n\000\050\000\051}{subsection.6.3.3}% 120
\BOOKMARK [2][-]{subsection.6.3.4}{\376\377\0006\000.\0003\000.\0004\000\040\000M\000e\000m\000b\000e\000r\000\040\000D\000a\000t\000a\000\040\000D\000o\000c\000u\000m\000e\000n\000t\000a\000t\000i\000o\000n}{section.6.3}% 121
\BOOKMARK [3][-]{subsubsection.6.3.4.1}{\376\377\0006\000.\0003\000.\0004\000.\0001\000\040\000b\000a\000u\000d}{subsection.6.3.4}% 122
\BOOKMARK [3][-]{subsubsection.6.3.4.2}{\376\377\0006\000.\0003\000.\0004\000.\0002\000\040\000c\000o\000n\000n\000e\000c\000t\000e\000d}{subsection.6.3.4}% 123
\BOOKMARK [3][-]{subsubsection.6.3.4.3}{\376\377\0006\000.\0003\000.\0004\000.\0003\000\040\000c\000u\000r\000r\000e\000n\000t\000P\000a\000t\000t\000e\000r\000n}{subsection.6.3.4}% 124
\BOOKMARK [3][-]{subsubsection.6.3.4.4}{\376\377\0006\000.\0003\000.\0004\000.\0004\000\040\000p\000o\000r\000t}{subsection.6.3.4}% 125
\BOOKMARK [3][-]{subsubsection.6.3.4.5}{\376\377\0006\000.\0003\000.\0004\000.\0005\000\040\000p\000o\000s\000i\000t\000i\000o\000n}{subsection.6.3.4}% 126
\BOOKMARK [3][-]{subsubsection.6.3.4.6}{\376\377\0006\000.\0003\000.\0004\000.\0006\000\040\000s\000e\000r}{subsection.6.3.4}% 127
\BOOKMARK [3][-]{subsubsection.6.3.4.7}{\376\377\0006\000.\0003\000.\0004\000.\0007\000\040\000s\000e\000r\000i\000a\000l\000C\000o\000n\000n\000e\000c\000t\000e\000d}{subsection.6.3.4}% 128
\BOOKMARK [3][-]{subsubsection.6.3.4.8}{\376\377\0006\000.\0003\000.\0004\000.\0008\000\040\000u\000n\000i\000q\000u\000e\000I\000D}{subsection.6.3.4}% 129
\BOOKMARK [3][-]{subsubsection.6.3.4.9}{\376\377\0006\000.\0003\000.\0004\000.\0009\000\040\000u\000s\000i\000n\000g\000S\000n\000a\000k\000e\000P\000a\000t\000t\000e\000r\000n}{subsection.6.3.4}% 130
\BOOKMARK [1][-]{section.6.4}{\376\377\0006\000.\0004\000\040\000g\000u\000i\000.\000M\000a\000n\000u\000a\000l\000P\000a\000g\000e\000\040\000C\000l\000a\000s\000s\000\040\000R\000e\000f\000e\000r\000e\000n\000c\000e}{chapter.6}% 131
\BOOKMARK [2][-]{subsection.6.4.1}{\376\377\0006\000.\0004\000.\0001\000\040\000C\000o\000n\000s\000t\000r\000u\000c\000t\000o\000r\000\040\000\046\000\040\000D\000e\000s\000t\000r\000u\000c\000t\000o\000r\000\040\000D\000o\000c\000u\000m\000e\000n\000t\000a\000t\000i\000o\000n}{section.6.4}% 132
\BOOKMARK [3][-]{subsubsection.6.4.1.1}{\376\377\0006\000.\0004\000.\0001\000.\0001\000\040\000\137\000\137\000i\000n\000i\000t\000\137\000\137\000\050\000\051}{subsection.6.4.1}% 133
\BOOKMARK [2][-]{subsection.6.4.2}{\376\377\0006\000.\0004\000.\0002\000\040\000M\000e\000m\000b\000e\000r\000\040\000F\000u\000n\000c\000t\000i\000o\000n\000\040\000D\000o\000c\000u\000m\000e\000n\000t\000a\000t\000i\000o\000n}{section.6.4}% 134
\BOOKMARK [3][-]{subsubsection.6.4.2.1}{\376\377\0006\000.\0004\000.\0002\000.\0001\000\040\000c\000h\000e\000c\000k\000\137\000a\000l\000l\000\137\000m\000a\000n\000u\000a\000l\000\050\000\051}{subsection.6.4.2}% 135
\BOOKMARK [3][-]{subsubsection.6.4.2.2}{\376\377\0006\000.\0004\000.\0002\000.\0002\000\040\000c\000h\000e\000c\000k\000\137\000a\000l\000l\000\137\000m\000a\000n\000u\000a\000l\000\137\000a\000n\000d\000\137\000s\000a\000m\000p\000l\000i\000n\000g\000\050\000\051}{subsection.6.4.2}% 136
\BOOKMARK [3][-]{subsubsection.6.4.2.3}{\376\377\0006\000.\0004\000.\0002\000.\0003\000\040\000c\000h\000e\000c\000k\000\137\000c\000h\000a\000n\000n\000e\000l\000\050\000\051}{subsection.6.4.2}% 137
\BOOKMARK [3][-]{subsubsection.6.4.2.4}{\376\377\0006\000.\0004\000.\0002\000.\0004\000\040\000c\000r\000e\000a\000t\000e\000\137\000c\000h\000a\000n\000n\000e\000l\000s\000\050\000\051}{subsection.6.4.2}% 138
\BOOKMARK [3][-]{subsubsection.6.4.2.5}{\376\377\0006\000.\0004\000.\0002\000.\0005\000\040\000d\000o\000n\000e\000\050\000\051}{subsection.6.4.2}% 139
\BOOKMARK [3][-]{subsubsection.6.4.2.6}{\376\377\0006\000.\0004\000.\0002\000.\0006\000\040\000e\000j\000e\000c\000t\000\050\000\051}{subsection.6.4.2}% 140
\BOOKMARK [3][-]{subsubsection.6.4.2.7}{\376\377\0006\000.\0004\000.\0002\000.\0007\000\040\000m\000o\000v\000e\000O\000n\000e\000D\000o\000w\000n\000\050\000\051}{subsection.6.4.2}% 141
\BOOKMARK [3][-]{subsubsection.6.4.2.8}{\376\377\0006\000.\0004\000.\0002\000.\0008\000\040\000m\000o\000v\000e\000O\000n\000e\000L\000e\000f\000t\000\050\000\051}{subsection.6.4.2}% 142
\BOOKMARK [3][-]{subsubsection.6.4.2.9}{\376\377\0006\000.\0004\000.\0002\000.\0009\000\040\000m\000o\000v\000e\000O\000n\000e\000R\000i\000g\000h\000t\000\050\000\051}{subsection.6.4.2}% 143
\BOOKMARK [3][-]{subsubsection.6.4.2.10}{\376\377\0006\000.\0004\000.\0002\000.\0001\0000\000\040\000m\000o\000v\000e\000O\000n\000e\000U\000p\000\050\000\051}{subsection.6.4.2}% 144
\BOOKMARK [3][-]{subsubsection.6.4.2.11}{\376\377\0006\000.\0004\000.\0002\000.\0001\0001\000\040\000n\000e\000x\000t\000\050\000\051}{subsection.6.4.2}% 145
\BOOKMARK [3][-]{subsubsection.6.4.2.12}{\376\377\0006\000.\0004\000.\0002\000.\0001\0002\000\040\000p\000r\000e\000v\000\050\000\051}{subsection.6.4.2}% 146
\BOOKMARK [3][-]{subsubsection.6.4.2.13}{\376\377\0006\000.\0004\000.\0002\000.\0001\0003\000\040\000r\000e\000s\000e\000t\000\050\000\051}{subsection.6.4.2}% 147
\BOOKMARK [3][-]{subsubsection.6.4.2.14}{\376\377\0006\000.\0004\000.\0002\000.\0001\0004\000\040\000s\000e\000t\000\137\000a\000n\000d\000\137\000s\000t\000a\000r\000t\000\050\000\051}{subsection.6.4.2}% 148
\BOOKMARK [3][-]{subsubsection.6.4.2.15}{\376\377\0006\000.\0004\000.\0002\000.\0001\0005\000\040\000s\000e\000t\000\137\000a\000n\000d\000\137\000s\000t\000a\000r\000t\000\137\000a\000l\000l\000\050\000\051}{subsection.6.4.2}% 149
\BOOKMARK [3][-]{subsubsection.6.4.2.16}{\376\377\0006\000.\0004\000.\0002\000.\0001\0006\000\040\000s\000e\000t\000O\000r\000i\000g\000i\000n\000\050\000\051}{subsection.6.4.2}% 150
\BOOKMARK [3][-]{subsubsection.6.4.2.17}{\376\377\0006\000.\0004\000.\0002\000.\0001\0007\000\040\000s\000t\000a\000r\000t\000\137\000a\000n\000d\000\137\000c\000o\000l\000l\000e\000c\000t\000\050\000\051}{subsection.6.4.2}% 151
\BOOKMARK [3][-]{subsubsection.6.4.2.18}{\376\377\0006\000.\0004\000.\0002\000.\0001\0008\000\040\000s\000t\000o\000p\000\050\000\051}{subsection.6.4.2}% 152
\BOOKMARK [3][-]{subsubsection.6.4.2.19}{\376\377\0006\000.\0004\000.\0002\000.\0001\0009\000\040\000s\000t\000o\000p\000\137\000a\000l\000l\000\050\000\051}{subsection.6.4.2}% 153
\BOOKMARK [3][-]{subsubsection.6.4.2.20}{\376\377\0006\000.\0004\000.\0002\000.\0002\0000\000\040\000t\000o\000g\000g\000l\000e\000\050\000\051}{subsection.6.4.2}% 154
\BOOKMARK [2][-]{subsection.6.4.3}{\376\377\0006\000.\0004\000.\0003\000\040\000M\000e\000m\000b\000e\000r\000\040\000D\000a\000t\000a\000\040\000D\000o\000c\000u\000m\000e\000n\000t\000a\000t\000i\000o\000n}{section.6.4}% 155
\BOOKMARK [3][-]{subsubsection.6.4.3.1}{\376\377\0006\000.\0004\000.\0003\000.\0001\000\040\000a\000u\000t\000o\000c\000o\000l\000l\000e\000c\000t\000l\000a\000b\000e\000l}{subsection.6.4.3}% 156
\BOOKMARK [3][-]{subsubsection.6.4.3.2}{\376\377\0006\000.\0004\000.\0003\000.\0002\000\040\000a\000u\000t\000o\000p\000a\000g\000e\000b\000u\000t\000t\000o\000n}{subsection.6.4.3}% 157
\BOOKMARK [3][-]{subsubsection.6.4.3.3}{\376\377\0006\000.\0004\000.\0003\000.\0003\000\040\000c\000h\000a\000n\000n\000e\000l\000s}{subsection.6.4.3}% 158
\BOOKMARK [3][-]{subsubsection.6.4.3.4}{\376\377\0006\000.\0004\000.\0003\000.\0004\000\040\000c\000h\000a\000n\000n\000e\000l\000t\000e\000x\000t\000l\000i\000s\000t}{subsection.6.4.3}% 159
\BOOKMARK [3][-]{subsubsection.6.4.3.5}{\376\377\0006\000.\0004\000.\0003\000.\0005\000\040\000C\000o\000l\000l\000e\000c\000t\000i\000o\000n\000C\000o\000n\000t\000r\000o\000l\000L\000a\000b\000e\000l}{subsection.6.4.3}% 160
\BOOKMARK [3][-]{subsubsection.6.4.3.6}{\376\377\0006\000.\0004\000.\0003\000.\0006\000\040\000e\000j\000e\000c\000t\000b\000u\000t\000t\000o\000n}{subsection.6.4.3}% 161
\BOOKMARK [3][-]{subsubsection.6.4.3.7}{\376\377\0006\000.\0004\000.\0003\000.\0007\000\040\000f\000l\000o\000w\000r\000a\000t\000e\000e\000n\000t\000r\000y\000l\000i\000s\000t}{subsection.6.4.3}% 162
\BOOKMARK [3][-]{subsubsection.6.4.3.8}{\376\377\0006\000.\0004\000.\0003\000.\0008\000\040\000g\000r\000e\000a\000t\000e\000r\000l\000a\000b\000e\000l\000f\000r\000a\000m\000e}{subsection.6.4.3}% 163
\BOOKMARK [3][-]{subsubsection.6.4.3.9}{\376\377\0006\000.\0004\000.\0003\000.\0009\000\040\000l\000a\000b\000e\000l\000f\000r\000a\000m\000e\000l\000i\000s\000t}{subsection.6.4.3}% 164
\BOOKMARK [3][-]{subsubsection.6.4.3.10}{\376\377\0006\000.\0004\000.\0003\000.\0001\0000\000\040\000l\000a\000s\000t\000w\000e\000l\000l\000b\000u\000t\000t\000o\000n}{subsection.6.4.3}% 165
\BOOKMARK [3][-]{subsubsection.6.4.3.11}{\376\377\0006\000.\0004\000.\0003\000.\0001\0001\000\040\000m\000a\000i\000n\000l\000a\000b\000e\000l}{subsection.6.4.3}% 166
\BOOKMARK [3][-]{subsubsection.6.4.3.12}{\376\377\0006\000.\0004\000.\0003\000.\0001\0002\000\040\000n\000e\000x\000t\000w\000e\000l\000l\000b\000u\000t\000t\000o\000n}{subsection.6.4.3}% 167
\BOOKMARK [3][-]{subsubsection.6.4.3.13}{\376\377\0006\000.\0004\000.\0003\000.\0001\0003\000\040\000p\000a\000t\000t\000e\000r\000n\000L\000a\000b\000e\000l}{subsection.6.4.3}% 168
\BOOKMARK [3][-]{subsubsection.6.4.3.14}{\376\377\0006\000.\0004\000.\0003\000.\0001\0004\000\040\000p\000o\000s\000i\000t\000i\000o\000n\000L\000a\000b\000e\000l}{subsection.6.4.3}% 169
\BOOKMARK [3][-]{subsubsection.6.4.3.15}{\376\377\0006\000.\0004\000.\0003\000.\0001\0005\000\040\000r\000e\000s\000e\000r\000v\000o\000i\000r\000c\000o\000m\000b\000o\000b\000o\000x}{subsection.6.4.3}% 170
\BOOKMARK [3][-]{subsubsection.6.4.3.16}{\376\377\0006\000.\0004\000.\0003\000.\0001\0006\000\040\000r\000e\000s\000e\000r\000v\000o\000i\000r\000l\000a\000b\000e\000l}{subsection.6.4.3}% 171
\BOOKMARK [3][-]{subsubsection.6.4.3.17}{\376\377\0006\000.\0004\000.\0003\000.\0001\0007\000\040\000r\000e\000s\000e\000r\000v\000o\000i\000r\000s}{subsection.6.4.3}% 172
\BOOKMARK [3][-]{subsubsection.6.4.3.18}{\376\377\0006\000.\0004\000.\0003\000.\0001\0008\000\040\000r\000e\000s\000e\000r\000v\000o\000i\000r\000v\000a\000l\000u\000e\000s}{subsection.6.4.3}% 173
\BOOKMARK [3][-]{subsubsection.6.4.3.19}{\376\377\0006\000.\0004\000.\0003\000.\0001\0009\000\040\000r\000e\000s\000e\000t\000b\000u\000t\000t\000o\000n}{subsection.6.4.3}% 174
\BOOKMARK [3][-]{subsubsection.6.4.3.20}{\376\377\0006\000.\0004\000.\0003\000.\0002\0000\000\040\000s\000a\000m\000p\000l\000e\000s\000l\000a\000b\000e\000l}{subsection.6.4.3}% 175
\BOOKMARK [3][-]{subsubsection.6.4.3.21}{\376\377\0006\000.\0004\000.\0003\000.\0002\0001\000\040\000s\000a\000m\000p\000l\000i\000n\000g\000r\000a\000t\000e}{subsection.6.4.3}% 176
\BOOKMARK [3][-]{subsubsection.6.4.3.22}{\376\377\0006\000.\0004\000.\0003\000.\0002\0002\000\040\000s\000a\000m\000p\000l\000i\000n\000g\000r\000a\000t\000e\000e\000n\000t\000r\000y}{subsection.6.4.3}% 177
\BOOKMARK [3][-]{subsubsection.6.4.3.23}{\376\377\0006\000.\0004\000.\0003\000.\0002\0003\000\040\000s\000e\000t\000O\000r\000i\000g\000i\000n\000B\000u\000t\000t\000o\000n}{subsection.6.4.3}% 178
\BOOKMARK [3][-]{subsubsection.6.4.3.24}{\376\377\0006\000.\0004\000.\0003\000.\0002\0004\000\040\000s\000e\000t\000t\000i\000n\000g\000s\000b\000u\000t\000t\000o\000n}{subsection.6.4.3}% 179
\BOOKMARK [3][-]{subsubsection.6.4.3.25}{\376\377\0006\000.\0004\000.\0003\000.\0002\0005\000\040\000s\000i\000t\000e\000s}{subsection.6.4.3}% 180
\BOOKMARK [3][-]{subsubsection.6.4.3.26}{\376\377\0006\000.\0004\000.\0003\000.\0002\0006\000\040\000s\000i\000t\000e\000s\000e\000n\000t\000r\000y}{subsection.6.4.3}% 181
\BOOKMARK [3][-]{subsubsection.6.4.3.27}{\376\377\0006\000.\0004\000.\0003\000.\0002\0007\000\040\000s\000t\000a\000r\000t\000a\000l\000l\000b\000u\000t\000t\000o\000n}{subsection.6.4.3}% 182
\BOOKMARK [3][-]{subsubsection.6.4.3.28}{\376\377\0006\000.\0004\000.\0003\000.\0002\0008\000\040\000s\000t\000a\000r\000t\000a\000n\000d\000c\000o\000l\000l\000e\000c\000t\000b\000u\000t\000t\000o\000n}{subsection.6.4.3}% 183
\BOOKMARK [3][-]{subsubsection.6.4.3.29}{\376\377\0006\000.\0004\000.\0003\000.\0002\0009\000\040\000s\000t\000a\000r\000t\000b\000u\000t\000t\000o\000n\000l\000i\000s\000t}{subsection.6.4.3}% 184
\BOOKMARK [3][-]{subsubsection.6.4.3.30}{\376\377\0006\000.\0004\000.\0003\000.\0003\0000\000\040\000s\000t\000o\000p\000a\000l\000l\000b\000u\000t\000t\000o\000n}{subsection.6.4.3}% 185
\BOOKMARK [3][-]{subsubsection.6.4.3.31}{\376\377\0006\000.\0004\000.\0003\000.\0003\0001\000\040\000s\000t\000o\000p\000b\000u\000t\000t\000o\000n\000l\000i\000s\000t}{subsection.6.4.3}% 186
\BOOKMARK [3][-]{subsubsection.6.4.3.32}{\376\377\0006\000.\0004\000.\0003\000.\0003\0002\000\040\000t\000o\000g\000g\000l\000e\000b\000u\000t\000t\000o\000n}{subsection.6.4.3}% 187
\BOOKMARK [3][-]{subsubsection.6.4.3.33}{\376\377\0006\000.\0004\000.\0003\000.\0003\0003\000\040\000t\000o\000p\000l\000a\000b\000e\000l\000s}{subsection.6.4.3}% 188
\BOOKMARK [3][-]{subsubsection.6.4.3.34}{\376\377\0006\000.\0004\000.\0003\000.\0003\0004\000\040\000t\000w\000o\000S\000w\000i\000t\000c\000h\000C\000o\000m\000b\000o\000B\000o\000x\000L\000i\000s\000t}{subsection.6.4.3}% 189
\BOOKMARK [3][-]{subsubsection.6.4.3.35}{\376\377\0006\000.\0004\000.\0003\000.\0003\0005\000\040\000t\000w\000o\000S\000w\000i\000t\000c\000h\000V\000a\000l\000u\000e\000s}{subsection.6.4.3}% 190
\BOOKMARK [1][-]{section.6.5}{\376\377\0006\000.\0005\000\040\000M\000s\000w\000i\000t\000c\000h\000.\000M\000S\000w\000i\000t\000c\000h\000\040\000C\000l\000a\000s\000s\000\040\000R\000e\000f\000e\000r\000e\000n\000c\000e}{chapter.6}% 191
\BOOKMARK [2][-]{subsection.6.5.1}{\376\377\0006\000.\0005\000.\0001\000\040\000D\000e\000t\000a\000i\000l\000e\000d\000\040\000D\000e\000s\000c\000r\000i\000p\000t\000i\000o\000n}{section.6.5}% 192
\BOOKMARK [2][-]{subsection.6.5.2}{\376\377\0006\000.\0005\000.\0002\000\040\000C\000o\000n\000s\000t\000r\000u\000c\000t\000o\000r\000\040\000\046\000\040\000D\000e\000s\000t\000r\000u\000c\000t\000o\000r\000\040\000D\000o\000c\000u\000m\000e\000n\000t\000a\000t\000i\000o\000n}{section.6.5}% 193
\BOOKMARK [3][-]{subsubsection.6.5.2.1}{\376\377\0006\000.\0005\000.\0002\000.\0001\000\040\000\137\000\137\000i\000n\000i\000t\000\137\000\137\000\050\000\051}{subsection.6.5.2}% 194
\BOOKMARK [2][-]{subsection.6.5.3}{\376\377\0006\000.\0005\000.\0003\000\040\000M\000e\000m\000b\000e\000r\000\040\000F\000u\000n\000c\000t\000i\000o\000n\000\040\000D\000o\000c\000u\000m\000e\000n\000t\000a\000t\000i\000o\000n}{section.6.5}% 195
\BOOKMARK [3][-]{subsubsection.6.5.3.1}{\376\377\0006\000.\0005\000.\0003\000.\0001\000\040\000c\000h\000o\000p\000\137\000r\000e\000t\000u\000r\000n\000\050\000\051}{subsection.6.5.3}% 196
\BOOKMARK [3][-]{subsubsection.6.5.3.2}{\376\377\0006\000.\0005\000.\0003\000.\0002\000\040\000g\000e\000t\000\137\000i\000n\000f\000o\000\050\000\051}{subsection.6.5.3}% 197
\BOOKMARK [3][-]{subsubsection.6.5.3.3}{\376\377\0006\000.\0005\000.\0003\000.\0003\000\040\000s\000e\000n\000d\000\050\000\051}{subsection.6.5.3}% 198
\BOOKMARK [3][-]{subsubsection.6.5.3.4}{\376\377\0006\000.\0005\000.\0003\000.\0004\000\040\000s\000e\000r\000i\000a\000l\000\137\000c\000o\000n\000n\000e\000c\000t\000\050\000\051}{subsection.6.5.3}% 199
\BOOKMARK [3][-]{subsubsection.6.5.3.5}{\376\377\0006\000.\0005\000.\0003\000.\0005\000\040\000s\000e\000t\000\137\000r\000e\000s\000e\000r\000v\000o\000i\000r\000\050\000\051}{subsection.6.5.3}% 200
\BOOKMARK [2][-]{subsection.6.5.4}{\376\377\0006\000.\0005\000.\0004\000\040\000M\000e\000m\000b\000e\000r\000\040\000D\000a\000t\000a\000\040\000D\000o\000c\000u\000m\000e\000n\000t\000a\000t\000i\000o\000n}{section.6.5}% 201
\BOOKMARK [3][-]{subsubsection.6.5.4.1}{\376\377\0006\000.\0005\000.\0004\000.\0001\000\040\000b\000a\000u\000d}{subsection.6.5.4}% 202
\BOOKMARK [3][-]{subsubsection.6.5.4.2}{\376\377\0006\000.\0005\000.\0004\000.\0002\000\040\000c\000o\000n\000n\000e\000c\000t\000e\000d}{subsection.6.5.4}% 203
\BOOKMARK [3][-]{subsubsection.6.5.4.3}{\376\377\0006\000.\0005\000.\0004\000.\0003\000\040\000p\000o\000r\000t}{subsection.6.5.4}% 204
\BOOKMARK [3][-]{subsubsection.6.5.4.4}{\376\377\0006\000.\0005\000.\0004\000.\0004\000\040\000r\000e\000s}{subsection.6.5.4}% 205
\BOOKMARK [3][-]{subsubsection.6.5.4.5}{\376\377\0006\000.\0005\000.\0004\000.\0005\000\040\000s\000e\000r}{subsection.6.5.4}% 206
\BOOKMARK [3][-]{subsubsection.6.5.4.6}{\376\377\0006\000.\0005\000.\0004\000.\0006\000\040\000s\000e\000r\000i\000a\000l\000C\000o\000n\000n\000e\000c\000t\000e\000d}{subsection.6.5.4}% 207
\BOOKMARK [3][-]{subsubsection.6.5.4.7}{\376\377\0006\000.\0005\000.\0004\000.\0007\000\040\000u\000n\000i\000q\000u\000e\000I\000D}{subsection.6.5.4}% 208
\BOOKMARK [1][-]{section.6.6}{\376\377\0006\000.\0006\000\040\000f\000a\000k\000e\000S\000e\000r\000i\000a\000l\000.\000S\000e\000r\000i\000a\000l\000\040\000C\000l\000a\000s\000s\000\040\000R\000e\000f\000e\000r\000e\000n\000c\000e}{chapter.6}% 209
\BOOKMARK [2][-]{subsection.6.6.1}{\376\377\0006\000.\0006\000.\0001\000\040\000D\000e\000t\000a\000i\000l\000e\000d\000\040\000D\000e\000s\000c\000r\000i\000p\000t\000i\000o\000n}{section.6.6}% 210
\BOOKMARK [2][-]{subsection.6.6.2}{\376\377\0006\000.\0006\000.\0002\000\040\000C\000o\000n\000s\000t\000r\000u\000c\000t\000o\000r\000\040\000\046\000\040\000D\000e\000s\000t\000r\000u\000c\000t\000o\000r\000\040\000D\000o\000c\000u\000m\000e\000n\000t\000a\000t\000i\000o\000n}{section.6.6}% 211
\BOOKMARK [3][-]{subsubsection.6.6.2.1}{\376\377\0006\000.\0006\000.\0002\000.\0001\000\040\000\137\000\137\000i\000n\000i\000t\000\137\000\137\000\050\000\051}{subsection.6.6.2}% 212
\BOOKMARK [2][-]{subsection.6.6.3}{\376\377\0006\000.\0006\000.\0003\000\040\000M\000e\000m\000b\000e\000r\000\040\000F\000u\000n\000c\000t\000i\000o\000n\000\040\000D\000o\000c\000u\000m\000e\000n\000t\000a\000t\000i\000o\000n}{section.6.6}% 213
\BOOKMARK [3][-]{subsubsection.6.6.3.1}{\376\377\0006\000.\0006\000.\0003\000.\0001\000\040\000\137\000\137\000s\000t\000r\000\137\000\137\000\050\000\051}{subsection.6.6.3}% 214
\BOOKMARK [3][-]{subsubsection.6.6.3.2}{\376\377\0006\000.\0006\000.\0003\000.\0002\000\040\000c\000l\000o\000s\000e\000\050\000\051}{subsection.6.6.3}% 215
\BOOKMARK [3][-]{subsubsection.6.6.3.3}{\376\377\0006\000.\0006\000.\0003\000.\0003\000\040\000f\000l\000u\000s\000h\000\050\000\051}{subsection.6.6.3}% 216
\BOOKMARK [3][-]{subsubsection.6.6.3.4}{\376\377\0006\000.\0006\000.\0003\000.\0004\000\040\000f\000l\000u\000s\000h\000I\000n\000p\000u\000t\000\050\000\051}{subsection.6.6.3}% 217
\BOOKMARK [3][-]{subsubsection.6.6.3.5}{\376\377\0006\000.\0006\000.\0003\000.\0005\000\040\000f\000l\000u\000s\000h\000O\000u\000t\000p\000u\000t\000\050\000\051}{subsection.6.6.3}% 218
\BOOKMARK [3][-]{subsubsection.6.6.3.6}{\376\377\0006\000.\0006\000.\0003\000.\0006\000\040\000i\000s\000O\000p\000e\000n\000\050\000\051}{subsection.6.6.3}% 219
\BOOKMARK [3][-]{subsubsection.6.6.3.7}{\376\377\0006\000.\0006\000.\0003\000.\0007\000\040\000o\000p\000e\000n\000\050\000\051}{subsection.6.6.3}% 220
\BOOKMARK [3][-]{subsubsection.6.6.3.8}{\376\377\0006\000.\0006\000.\0003\000.\0008\000\040\000r\000e\000a\000d\000\050\000\051}{subsection.6.6.3}% 221
\BOOKMARK [3][-]{subsubsection.6.6.3.9}{\376\377\0006\000.\0006\000.\0003\000.\0009\000\040\000r\000e\000a\000d\000l\000i\000n\000e\000\050\000\051}{subsection.6.6.3}% 222
\BOOKMARK [3][-]{subsubsection.6.6.3.10}{\376\377\0006\000.\0006\000.\0003\000.\0001\0000\000\040\000w\000r\000i\000t\000e\000\050\000\051}{subsection.6.6.3}% 223
\BOOKMARK [2][-]{subsection.6.6.4}{\376\377\0006\000.\0006\000.\0004\000\040\000M\000e\000m\000b\000e\000r\000\040\000D\000a\000t\000a\000\040\000D\000o\000c\000u\000m\000e\000n\000t\000a\000t\000i\000o\000n}{section.6.6}% 224
\BOOKMARK [3][-]{subsubsection.6.6.4.1}{\376\377\0006\000.\0006\000.\0004\000.\0001\000\040\000b\000a\000u\000d\000r\000a\000t\000e}{subsection.6.6.4}% 225
\BOOKMARK [3][-]{subsubsection.6.6.4.2}{\376\377\0006\000.\0006\000.\0004\000.\0002\000\040\000b\000y\000t\000e\000s\000i\000z\000e}{subsection.6.6.4}% 226
\BOOKMARK [3][-]{subsubsection.6.6.4.3}{\376\377\0006\000.\0006\000.\0004\000.\0003\000\040\000n\000a\000m\000e}{subsection.6.6.4}% 227
\BOOKMARK [3][-]{subsubsection.6.6.4.4}{\376\377\0006\000.\0006\000.\0004\000.\0004\000\040\000p\000a\000r\000i\000t\000y}{subsection.6.6.4}% 228
\BOOKMARK [3][-]{subsubsection.6.6.4.5}{\376\377\0006\000.\0006\000.\0004\000.\0005\000\040\000p\000o\000r\000t}{subsection.6.6.4}% 229
\BOOKMARK [3][-]{subsubsection.6.6.4.6}{\376\377\0006\000.\0006\000.\0004\000.\0006\000\040\000r\000t\000s\000c\000t\000s}{subsection.6.6.4}% 230
\BOOKMARK [3][-]{subsubsection.6.6.4.7}{\376\377\0006\000.\0006\000.\0004\000.\0007\000\040\000s\000t\000o\000p\000b\000i\000t\000s}{subsection.6.6.4}% 231
\BOOKMARK [3][-]{subsubsection.6.6.4.8}{\376\377\0006\000.\0006\000.\0004\000.\0008\000\040\000t\000i\000m\000e\000o\000u\000t}{subsection.6.6.4}% 232
\BOOKMARK [3][-]{subsubsection.6.6.4.9}{\376\377\0006\000.\0006\000.\0004\000.\0009\000\040\000x\000o\000n\000x\000o\000f\000f}{subsection.6.6.4}% 233
\BOOKMARK [1][-]{section.6.7}{\376\377\0006\000.\0007\000\040\000g\000u\000i\000.\000S\000e\000t\000t\000i\000n\000g\000s\000P\000a\000g\000e\000\040\000C\000l\000a\000s\000s\000\040\000R\000e\000f\000e\000r\000e\000n\000c\000e}{chapter.6}% 234
\BOOKMARK [2][-]{subsection.6.7.1}{\376\377\0006\000.\0007\000.\0001\000\040\000D\000e\000t\000a\000i\000l\000e\000d\000\040\000D\000e\000s\000c\000r\000i\000p\000t\000i\000o\000n}{section.6.7}% 235
\BOOKMARK [2][-]{subsection.6.7.2}{\376\377\0006\000.\0007\000.\0002\000\040\000C\000o\000n\000s\000t\000r\000u\000c\000t\000o\000r\000\040\000\046\000\040\000D\000e\000s\000t\000r\000u\000c\000t\000o\000r\000\040\000D\000o\000c\000u\000m\000e\000n\000t\000a\000t\000i\000o\000n}{section.6.7}% 236
\BOOKMARK [3][-]{subsubsection.6.7.2.1}{\376\377\0006\000.\0007\000.\0002\000.\0001\000\040\000\137\000\137\000i\000n\000i\000t\000\137\000\137\000\050\000\051}{subsection.6.7.2}% 237
\BOOKMARK [2][-]{subsection.6.7.3}{\376\377\0006\000.\0007\000.\0003\000\040\000M\000e\000m\000b\000e\000r\000\040\000F\000u\000n\000c\000t\000i\000o\000n\000\040\000D\000o\000c\000u\000m\000e\000n\000t\000a\000t\000i\000o\000n}{section.6.7}% 238
\BOOKMARK [3][-]{subsubsection.6.7.3.1}{\376\377\0006\000.\0007\000.\0003\000.\0001\000\040\000c\000a\000l\000i\000b\000r\000a\000t\000e\000\050\000\051}{subsection.6.7.3}% 239
\BOOKMARK [3][-]{subsubsection.6.7.3.2}{\376\377\0006\000.\0007\000.\0003\000.\0002\000\040\000u\000p\000d\000a\000t\000e\000\050\000\051}{subsection.6.7.3}% 240
\BOOKMARK [2][-]{subsection.6.7.4}{\376\377\0006\000.\0007\000.\0004\000\040\000M\000e\000m\000b\000e\000r\000\040\000D\000a\000t\000a\000\040\000D\000o\000c\000u\000m\000e\000n\000t\000a\000t\000i\000o\000n}{section.6.7}% 241
\BOOKMARK [3][-]{subsubsection.6.7.4.1}{\376\377\0006\000.\0007\000.\0004\000.\0001\000\040\000a\000u\000t\000o\000p\000a\000g\000e\000b\000u\000t\000t\000o\000n}{subsection.6.7.4}% 242
\BOOKMARK [3][-]{subsubsection.6.7.4.2}{\376\377\0006\000.\0007\000.\0004\000.\0002\000\040\000c\000a\000l\000i\000b\000r\000a\000t\000e\000b\000u\000t\000t\000o\000n}{subsection.6.7.4}% 243
\BOOKMARK [3][-]{subsubsection.6.7.4.3}{\376\377\0006\000.\0007\000.\0004\000.\0003\000\040\000c\000a\000l\000i\000b\000r\000a\000t\000e\000c\000o\000m\000b\000o\000b\000o\000x}{subsection.6.7.4}% 244
\BOOKMARK [3][-]{subsubsection.6.7.4.4}{\376\377\0006\000.\0007\000.\0004\000.\0004\000\040\000c\000a\000l\000i\000b\000r\000a\000t\000i\000o\000n\000l\000a\000b\000e\000l}{subsection.6.7.4}% 245
\BOOKMARK [3][-]{subsubsection.6.7.4.5}{\376\377\0006\000.\0007\000.\0004\000.\0005\000\040\000c\000h\000a\000n\000n\000e\000l\000c\000a\000l\000i\000b\000l\000a\000b\000e\000l}{subsection.6.7.4}% 246
\BOOKMARK [3][-]{subsubsection.6.7.4.6}{\376\377\0006\000.\0007\000.\0004\000.\0006\000\040\000c\000h\000a\000n\000n\000e\000l\000s}{subsection.6.7.4}% 247
\BOOKMARK [3][-]{subsubsection.6.7.4.7}{\376\377\0006\000.\0007\000.\0004\000.\0007\000\040\000c\000h\000a\000n\000n\000e\000l\000v\000a\000l\000u\000e\000s}{subsection.6.7.4}% 248
\BOOKMARK [3][-]{subsubsection.6.7.4.8}{\376\377\0006\000.\0007\000.\0004\000.\0008\000\040\000d\000i\000a\000m\000e\000t\000e\000r\000l\000a\000b\000e\000l}{subsection.6.7.4}% 249
\BOOKMARK [3][-]{subsubsection.6.7.4.9}{\376\377\0006\000.\0007\000.\0004\000.\0009\000\040\000d\000i\000a\000m\000e\000t\000e\000r\000l\000i\000s\000t}{subsection.6.7.4}% 250
\BOOKMARK [3][-]{subsubsection.6.7.4.10}{\376\377\0006\000.\0007\000.\0004\000.\0001\0000\000\040\000d\000i\000a\000m\000e\000t\000e\000r\000v\000a\000l\000u\000e\000s}{subsection.6.7.4}% 251
\BOOKMARK [3][-]{subsubsection.6.7.4.11}{\376\377\0006\000.\0007\000.\0004\000.\0001\0001\000\040\000d\000i\000r\000e\000c\000t\000i\000o\000n\000h\000e\000a\000d\000i\000n\000g}{subsection.6.7.4}% 252
\BOOKMARK [3][-]{subsubsection.6.7.4.12}{\376\377\0006\000.\0007\000.\0004\000.\0001\0002\000\040\000d\000i\000r\000e\000c\000t\000i\000o\000n\000l\000a\000b\000e\000l\000l\000i\000s\000t}{subsection.6.7.4}% 253
\BOOKMARK [3][-]{subsubsection.6.7.4.13}{\376\377\0006\000.\0007\000.\0004\000.\0001\0003\000\040\000d\000i\000r\000e\000c\000t\000i\000o\000n\000s}{subsection.6.7.4}% 254
\BOOKMARK [3][-]{subsubsection.6.7.4.14}{\376\377\0006\000.\0007\000.\0004\000.\0001\0004\000\040\000d\000i\000r\000e\000c\000t\000i\000o\000n\000s\000l\000i\000s\000t}{subsection.6.7.4}% 255
\BOOKMARK [3][-]{subsubsection.6.7.4.15}{\376\377\0006\000.\0007\000.\0004\000.\0001\0005\000\040\000e\000n\000t\000e\000r\000c\000a\000l\000i\000b\000r\000a\000t\000e\000d\000b\000u\000t\000t\000o\000n}{subsection.6.7.4}% 256
\BOOKMARK [3][-]{subsubsection.6.7.4.16}{\376\377\0006\000.\0007\000.\0004\000.\0001\0006\000\040\000m\000a\000i\000n\000l\000a\000b\000e\000l}{subsection.6.7.4}% 257
\BOOKMARK [3][-]{subsubsection.6.7.4.17}{\376\377\0006\000.\0007\000.\0004\000.\0001\0007\000\040\000m\000a\000n\000u\000a\000l\000b\000u\000t\000t\000o\000n}{subsection.6.7.4}% 258
\BOOKMARK [3][-]{subsubsection.6.7.4.18}{\376\377\0006\000.\0007\000.\0004\000.\0001\0008\000\040\000m\000e\000a\000s\000u\000r\000e\000d\000V\000o\000l\000u\000m\000e}{subsection.6.7.4}% 259
\BOOKMARK [3][-]{subsubsection.6.7.4.19}{\376\377\0006\000.\0007\000.\0004\000.\0001\0009\000\040\000m\000e\000a\000s\000u\000r\000e\000d\000V\000o\000l\000u\000m\000e\000E\000n\000t\000r\000y}{subsection.6.7.4}% 260
\BOOKMARK [3][-]{subsubsection.6.7.4.20}{\376\377\0006\000.\0007\000.\0004\000.\0002\0000\000\040\000r\000e\000s\000e\000r\000v\000o\000i\000r\000s}{subsection.6.7.4}% 261
\BOOKMARK [3][-]{subsubsection.6.7.4.21}{\376\377\0006\000.\0007\000.\0004\000.\0002\0001\000\040\000u\000p\000d\000a\000t\000e\000b\000u\000t\000t\000o\000n}{subsection.6.7.4}% 262
\BOOKMARK [1][-]{section.6.8}{\376\377\0006\000.\0008\000\040\000P\000u\000m\000p\000.\000T\000h\000r\000e\000e\000P\000u\000m\000p\000\040\000C\000l\000a\000s\000s\000\040\000R\000e\000f\000e\000r\000e\000n\000c\000e}{chapter.6}% 263
\BOOKMARK [2][-]{subsection.6.8.1}{\376\377\0006\000.\0008\000.\0001\000\040\000D\000e\000t\000a\000i\000l\000e\000d\000\040\000D\000e\000s\000c\000r\000i\000p\000t\000i\000o\000n}{section.6.8}% 264
\BOOKMARK [2][-]{subsection.6.8.2}{\376\377\0006\000.\0008\000.\0002\000\040\000C\000o\000n\000s\000t\000r\000u\000c\000t\000o\000r\000\040\000\046\000\040\000D\000e\000s\000t\000r\000u\000c\000t\000o\000r\000\040\000D\000o\000c\000u\000m\000e\000n\000t\000a\000t\000i\000o\000n}{section.6.8}% 265
\BOOKMARK [3][-]{subsubsection.6.8.2.1}{\376\377\0006\000.\0008\000.\0002\000.\0001\000\040\000\137\000\137\000i\000n\000i\000t\000\137\000\137\000\050\000\051}{subsection.6.8.2}% 266
\BOOKMARK [2][-]{subsection.6.8.3}{\376\377\0006\000.\0008\000.\0003\000\040\000M\000e\000m\000b\000e\000r\000\040\000F\000u\000n\000c\000t\000i\000o\000n\000\040\000D\000o\000c\000u\000m\000e\000n\000t\000a\000t\000i\000o\000n}{section.6.8}% 267
\BOOKMARK [3][-]{subsubsection.6.8.3.1}{\376\377\0006\000.\0008\000.\0003\000.\0001\000\040\000a\000b\000o\000r\000t\000\137\000c\000a\000l\000i\000b\000r\000a\000t\000i\000o\000n\000\050\000\051}{subsection.6.8.3}% 268
\BOOKMARK [3][-]{subsubsection.6.8.3.2}{\376\377\0006\000.\0008\000.\0003\000.\0002\000\040\000c\000a\000l\000i\000b\000r\000a\000t\000e\000\050\000\051}{subsection.6.8.3}% 269
\BOOKMARK [3][-]{subsubsection.6.8.3.3}{\376\377\0006\000.\0008\000.\0003\000.\0003\000\040\000c\000h\000o\000p\000\137\000r\000e\000t\000u\000r\000n\000\050\000\051}{subsection.6.8.3}% 270
\BOOKMARK [3][-]{subsubsection.6.8.3.4}{\376\377\0006\000.\0008\000.\0003\000.\0004\000\040\000F\000o\000r\000m\000a\000t\000V\000o\000l\000u\000m\000e\000\050\000\051}{subsection.6.8.3}% 271
\BOOKMARK [3][-]{subsubsection.6.8.3.5}{\376\377\0006\000.\0008\000.\0003\000.\0005\000\040\000s\000e\000n\000d\000\050\000\051}{subsection.6.8.3}% 272
\BOOKMARK [3][-]{subsubsection.6.8.3.6}{\376\377\0006\000.\0008\000.\0003\000.\0006\000\040\000s\000e\000n\000d\000\137\000r\000e\000t\000u\000r\000n\000\050\000\051}{subsection.6.8.3}% 273
\BOOKMARK [3][-]{subsubsection.6.8.3.7}{\376\377\0006\000.\0008\000.\0003\000.\0007\000\040\000s\000e\000r\000i\000a\000l\000\137\000c\000o\000n\000n\000e\000c\000t\000\050\000\051}{subsection.6.8.3}% 274
\BOOKMARK [3][-]{subsubsection.6.8.3.8}{\376\377\0006\000.\0008\000.\0003\000.\0008\000\040\000s\000e\000t\000D\000e\000f\000a\000u\000l\000t\000s\000\050\000\051}{subsection.6.8.3}% 275
\BOOKMARK [3][-]{subsubsection.6.8.3.9}{\376\377\0006\000.\0008\000.\0003\000.\0009\000\040\000s\000e\000t\000D\000i\000r\000\050\000\051}{subsection.6.8.3}% 276
\BOOKMARK [3][-]{subsubsection.6.8.3.10}{\376\377\0006\000.\0008\000.\0003\000.\0001\0000\000\040\000s\000e\000t\000F\000l\000o\000w\000\050\000\051}{subsection.6.8.3}% 277
\BOOKMARK [3][-]{subsubsection.6.8.3.11}{\376\377\0006\000.\0008\000.\0003\000.\0001\0001\000\040\000s\000e\000t\000M\000e\000a\000s\000u\000r\000e\000d\000V\000o\000l\000u\000m\000e\000\050\000\051}{subsection.6.8.3}% 278
\BOOKMARK [3][-]{subsubsection.6.8.3.12}{\376\377\0006\000.\0008\000.\0003\000.\0001\0002\000\040\000s\000e\000t\000T\000a\000r\000g\000e\000t\000C\000a\000l\000i\000b\000r\000a\000t\000i\000o\000n\000V\000o\000l\000u\000m\000e\000\050\000\051}{subsection.6.8.3}% 279
\BOOKMARK [3][-]{subsubsection.6.8.3.13}{\376\377\0006\000.\0008\000.\0003\000.\0001\0003\000\040\000s\000t\000a\000r\000t\000\050\000\051}{subsection.6.8.3}% 280
\BOOKMARK [3][-]{subsubsection.6.8.3.14}{\376\377\0006\000.\0008\000.\0003\000.\0001\0004\000\040\000s\000t\000a\000r\000t\000\137\000a\000l\000l\000\050\000\051}{subsection.6.8.3}% 281
\BOOKMARK [3][-]{subsubsection.6.8.3.15}{\376\377\0006\000.\0008\000.\0003\000.\0001\0005\000\040\000s\000t\000o\000p\000\050\000\051}{subsection.6.8.3}% 282
\BOOKMARK [3][-]{subsubsection.6.8.3.16}{\376\377\0006\000.\0008\000.\0003\000.\0001\0006\000\040\000s\000t\000o\000p\000\137\000a\000l\000l\000\050\000\051}{subsection.6.8.3}% 283
\BOOKMARK [2][-]{subsection.6.8.4}{\376\377\0006\000.\0008\000.\0004\000\040\000M\000e\000m\000b\000e\000r\000\040\000D\000a\000t\000a\000\040\000D\000o\000c\000u\000m\000e\000n\000t\000a\000t\000i\000o\000n}{section.6.8}% 284
\BOOKMARK [3][-]{subsubsection.6.8.4.1}{\376\377\0006\000.\0008\000.\0004\000.\0001\000\040\000b\000a\000u\000d}{subsection.6.8.4}% 285
\BOOKMARK [3][-]{subsubsection.6.8.4.2}{\376\377\0006\000.\0008\000.\0004\000.\0002\000\040\000c\000a\000l\000i\000b\000r\000a\000t\000i\000o\000n\000u\000n\000i\000t}{subsection.6.8.4}% 286
\BOOKMARK [3][-]{subsubsection.6.8.4.3}{\376\377\0006\000.\0008\000.\0004\000.\0003\000\040\000c\000a\000l\000i\000b\000r\000a\000t\000i\000o\000n\000v\000o\000l\000u\000m\000e}{subsection.6.8.4}% 287
\BOOKMARK [3][-]{subsubsection.6.8.4.4}{\376\377\0006\000.\0008\000.\0004\000.\0004\000\040\000c\000o\000n\000n\000e\000c\000t\000e\000d}{subsection.6.8.4}% 288
\BOOKMARK [3][-]{subsubsection.6.8.4.5}{\376\377\0006\000.\0008\000.\0004\000.\0005\000\040\000i\000s\000O\000n}{subsection.6.8.4}% 289
\BOOKMARK [3][-]{subsubsection.6.8.4.6}{\376\377\0006\000.\0008\000.\0004\000.\0006\000\040\000p\000o\000r\000t}{subsection.6.8.4}% 290
\BOOKMARK [3][-]{subsubsection.6.8.4.7}{\376\377\0006\000.\0008\000.\0004\000.\0007\000\040\000s\000e\000r}{subsection.6.8.4}% 291
\BOOKMARK [3][-]{subsubsection.6.8.4.8}{\376\377\0006\000.\0008\000.\0004\000.\0008\000\040\000s\000e\000r\000i\000a\000l\000C\000o\000n\000n\000e\000c\000t\000e\000d}{subsection.6.8.4}% 292
\BOOKMARK [1][-]{section.6.9}{\376\377\0006\000.\0009\000\040\000T\000w\000o\000S\000w\000i\000t\000c\000h\000.\000T\000w\000o\000S\000w\000i\000t\000c\000h\000\040\000C\000l\000a\000s\000s\000\040\000R\000e\000f\000e\000r\000e\000n\000c\000e}{chapter.6}% 293
\BOOKMARK [2][-]{subsection.6.9.1}{\376\377\0006\000.\0009\000.\0001\000\040\000D\000e\000t\000a\000i\000l\000e\000d\000\040\000D\000e\000s\000c\000r\000i\000p\000t\000i\000o\000n}{section.6.9}% 294
\BOOKMARK [2][-]{subsection.6.9.2}{\376\377\0006\000.\0009\000.\0002\000\040\000C\000o\000n\000s\000t\000r\000u\000c\000t\000o\000r\000\040\000\046\000\040\000D\000e\000s\000t\000r\000u\000c\000t\000o\000r\000\040\000D\000o\000c\000u\000m\000e\000n\000t\000a\000t\000i\000o\000n}{section.6.9}% 295
\BOOKMARK [3][-]{subsubsection.6.9.2.1}{\376\377\0006\000.\0009\000.\0002\000.\0001\000\040\000\137\000\137\000i\000n\000i\000t\000\137\000\137\000\050\000\051}{subsection.6.9.2}% 296
\BOOKMARK [2][-]{subsection.6.9.3}{\376\377\0006\000.\0009\000.\0003\000\040\000M\000e\000m\000b\000e\000r\000\040\000F\000u\000n\000c\000t\000i\000o\000n\000\040\000D\000o\000c\000u\000m\000e\000n\000t\000a\000t\000i\000o\000n}{section.6.9}% 297
\BOOKMARK [3][-]{subsubsection.6.9.3.1}{\376\377\0006\000.\0009\000.\0003\000.\0001\000\040\000c\000h\000o\000p\000\137\000r\000e\000t\000u\000r\000n\000\050\000\051}{subsection.6.9.3}% 298
\BOOKMARK [3][-]{subsubsection.6.9.3.2}{\376\377\0006\000.\0009\000.\0003\000.\0002\000\040\000g\000e\000t\000I\000d\000e\000n\000t\000i\000f\000i\000e\000r\000\050\000\051}{subsection.6.9.3}% 299
\BOOKMARK [3][-]{subsubsection.6.9.3.3}{\376\377\0006\000.\0009\000.\0003\000.\0003\000\040\000s\000e\000n\000d\000\050\000\051}{subsection.6.9.3}% 300
\BOOKMARK [3][-]{subsubsection.6.9.3.4}{\376\377\0006\000.\0009\000.\0003\000.\0004\000\040\000s\000e\000r\000i\000a\000l\000\137\000c\000o\000n\000n\000e\000c\000t\000\050\000\051}{subsection.6.9.3}% 301
\BOOKMARK [3][-]{subsubsection.6.9.3.5}{\376\377\0006\000.\0009\000.\0003\000.\0005\000\040\000s\000e\000t\000C\000o\000l\000l\000e\000c\000t\000\050\000\051}{subsection.6.9.3}% 302
\BOOKMARK [3][-]{subsubsection.6.9.3.6}{\376\377\0006\000.\0009\000.\0003\000.\0006\000\040\000s\000e\000t\000R\000e\000c\000i\000r\000c\000u\000l\000a\000t\000e\000\050\000\051}{subsection.6.9.3}% 303
\BOOKMARK [2][-]{subsection.6.9.4}{\376\377\0006\000.\0009\000.\0004\000\040\000M\000e\000m\000b\000e\000r\000\040\000D\000a\000t\000a\000\040\000D\000o\000c\000u\000m\000e\000n\000t\000a\000t\000i\000o\000n}{section.6.9}% 304
\BOOKMARK [3][-]{subsubsection.6.9.4.1}{\376\377\0006\000.\0009\000.\0004\000.\0001\000\040\000b\000a\000u\000d}{subsection.6.9.4}% 305
\BOOKMARK [3][-]{subsubsection.6.9.4.2}{\376\377\0006\000.\0009\000.\0004\000.\0002\000\040\000c\000o\000n\000n\000e\000c\000t\000e\000d}{subsection.6.9.4}% 306
\BOOKMARK [3][-]{subsubsection.6.9.4.3}{\376\377\0006\000.\0009\000.\0004\000.\0003\000\040\000p\000o\000r\000t}{subsection.6.9.4}% 307
\BOOKMARK [3][-]{subsubsection.6.9.4.4}{\376\377\0006\000.\0009\000.\0004\000.\0004\000\040\000s\000e\000r}{subsection.6.9.4}% 308
\BOOKMARK [3][-]{subsubsection.6.9.4.5}{\376\377\0006\000.\0009\000.\0004\000.\0005\000\040\000s\000e\000r\000i\000a\000l\000C\000o\000n\000n\000e\000c\000t\000e\000d}{subsection.6.9.4}% 309
\BOOKMARK [3][-]{subsubsection.6.9.4.6}{\376\377\0006\000.\0009\000.\0004\000.\0006\000\040\000u\000n\000i\000q\000u\000e\000I\000D}{subsection.6.9.4}% 310
\BOOKMARK [3][-]{subsubsection.6.9.4.7}{\376\377\0006\000.\0009\000.\0004\000.\0007\000\040\000w\000i\000l\000l\000R\000e\000c\000i\000r\000c\000u\000l\000a\000t\000e}{subsection.6.9.4}% 311
\BOOKMARK [1][-]{section.6.10}{\376\377\0006\000.\0001\0000\000\040\000g\000u\000i\000.\000W\000e\000l\000c\000o\000m\000e\000P\000a\000g\000e\000\040\000C\000l\000a\000s\000s\000\040\000R\000e\000f\000e\000r\000e\000n\000c\000e}{chapter.6}% 312
\BOOKMARK [2][-]{subsection.6.10.1}{\376\377\0006\000.\0001\0000\000.\0001\000\040\000C\000o\000n\000s\000t\000r\000u\000c\000t\000o\000r\000\040\000\046\000\040\000D\000e\000s\000t\000r\000u\000c\000t\000o\000r\000\040\000D\000o\000c\000u\000m\000e\000n\000t\000a\000t\000i\000o\000n}{section.6.10}% 313
\BOOKMARK [3][-]{subsubsection.6.10.1.1}{\376\377\0006\000.\0001\0000\000.\0001\000.\0001\000\040\000\137\000\137\000i\000n\000i\000t\000\137\000\137\000\050\000\051}{subsection.6.10.1}% 314
\BOOKMARK [2][-]{subsection.6.10.2}{\376\377\0006\000.\0001\0000\000.\0002\000\040\000M\000e\000m\000b\000e\000r\000\040\000F\000u\000n\000c\000t\000i\000o\000n\000\040\000D\000o\000c\000u\000m\000e\000n\000t\000a\000t\000i\000o\000n}{section.6.10}% 315
\BOOKMARK [3][-]{subsubsection.6.10.2.1}{\376\377\0006\000.\0001\0000\000.\0002\000.\0001\000\040\000f\000l\000i\000p\000\050\000\051}{subsection.6.10.2}% 316
\BOOKMARK [2][-]{subsection.6.10.3}{\376\377\0006\000.\0001\0000\000.\0003\000\040\000M\000e\000m\000b\000e\000r\000\040\000D\000a\000t\000a\000\040\000D\000o\000c\000u\000m\000e\000n\000t\000a\000t\000i\000o\000n}{section.6.10}% 317
\BOOKMARK [3][-]{subsubsection.6.10.3.1}{\376\377\0006\000.\0001\0000\000.\0003\000.\0001\000\040\000c\000o\000l\000l\000\137\000l\000a\000b\000e\000l}{subsection.6.10.3}% 318
\BOOKMARK [3][-]{subsubsection.6.10.3.2}{\376\377\0006\000.\0001\0000\000.\0003\000.\0002\000\040\000c\000o\000l\000l\000e\000c\000t\000o\000r\000f\000r\000a\000m\000e}{subsection.6.10.3}% 319
\BOOKMARK [3][-]{subsubsection.6.10.3.3}{\376\377\0006\000.\0001\0000\000.\0003\000.\0003\000\040\000d\000o\000n\000e\000b\000u\000t\000t\000o\000n}{subsection.6.10.3}% 320
\BOOKMARK [3][-]{subsubsection.6.10.3.4}{\376\377\0006\000.\0001\0000\000.\0003\000.\0004\000\040\000m\000a\000i\000n\000l\000a\000b\000e\000l}{subsection.6.10.3}% 321
\BOOKMARK [3][-]{subsubsection.6.10.3.5}{\376\377\0006\000.\0001\0000\000.\0003\000.\0005\000\040\000m\000a\000n\000i\000l\000a\000b\000e\000l}{subsection.6.10.3}% 322
\BOOKMARK [3][-]{subsubsection.6.10.3.6}{\376\377\0006\000.\0001\0000\000.\0003\000.\0006\000\040\000p\000e\000r\000f\000u\000s\000o\000r\000f\000r\000a\000m\000e}{subsection.6.10.3}% 323
\BOOKMARK [3][-]{subsubsection.6.10.3.7}{\376\377\0006\000.\0001\0000\000.\0003\000.\0007\000\040\000p\000u\000m\000p\000l\000a\000b\000e\000l}{subsection.6.10.3}% 324
\BOOKMARK [3][-]{subsubsection.6.10.3.8}{\376\377\0006\000.\0001\0000\000.\0003\000.\0008\000\040\000s\000u\000b\000l\000a\000b\000e\000l\000f\000r\000a\000m\000e}{subsection.6.10.3}% 325
\BOOKMARK [0][-]{chapter.7}{\376\377\0007\000\040\000F\000i\000l\000e\000\040\000D\000o\000c\000u\000m\000e\000n\000t\000a\000t\000i\000o\000n}{}% 326
\BOOKMARK [1][-]{section.7.1}{\376\377\0007\000.\0001\000\040\000A\000r\000d\000u\000i\000n\000o\000S\000n\000a\000k\000e\000P\000a\000t\000t\000e\000r\000n\000.\000c\000p\000p\000\040\000F\000i\000l\000e\000\040\000R\000e\000f\000e\000r\000e\000n\000c\000e}{chapter.7}% 327
\BOOKMARK [2][-]{subsection.7.1.1}{\376\377\0007\000.\0001\000.\0001\000\040\000D\000e\000t\000a\000i\000l\000e\000d\000\040\000D\000e\000s\000c\000r\000i\000p\000t\000i\000o\000n}{section.7.1}% 328
\BOOKMARK [2][-]{subsection.7.1.2}{\376\377\0007\000.\0001\000.\0002\000\040\000F\000u\000n\000c\000t\000i\000o\000n\000\040\000D\000o\000c\000u\000m\000e\000n\000t\000a\000t\000i\000o\000n}{section.7.1}% 329
\BOOKMARK [3][-]{subsubsection.7.1.2.1}{\376\377\0007\000.\0001\000.\0002\000.\0001\000\040\000b\000a\000c\000k\000w\000a\000r\000d\000s\000t\000e\000p\0001\000\050\000\051}{subsection.7.1.2}% 330
\BOOKMARK [3][-]{subsubsection.7.1.2.2}{\376\377\0007\000.\0001\000.\0002\000.\0002\000\040\000b\000a\000c\000k\000w\000a\000r\000d\000s\000t\000e\000p\0002\000\050\000\051}{subsection.7.1.2}% 331
\BOOKMARK [3][-]{subsubsection.7.1.2.3}{\376\377\0007\000.\0001\000.\0002\000.\0003\000\040\000e\000j\000e\000c\000t\000\050\000\051}{subsection.7.1.2}% 332
\BOOKMARK [3][-]{subsubsection.7.1.2.4}{\376\377\0007\000.\0001\000.\0002\000.\0004\000\040\000f\000o\000r\000w\000a\000r\000d\000s\000t\000e\000p\0001\000\050\000\051}{subsection.7.1.2}% 333
\BOOKMARK [3][-]{subsubsection.7.1.2.5}{\376\377\0007\000.\0001\000.\0002\000.\0005\000\040\000f\000o\000r\000w\000a\000r\000d\000s\000t\000e\000p\0002\000\050\000\051}{subsection.7.1.2}% 334
\BOOKMARK [3][-]{subsubsection.7.1.2.6}{\376\377\0007\000.\0001\000.\0002\000.\0006\000\040\000l\000o\000o\000p\000\050\000\051}{subsection.7.1.2}% 335
\BOOKMARK [3][-]{subsubsection.7.1.2.7}{\376\377\0007\000.\0001\000.\0002\000.\0007\000\040\000m\000o\000v\000e\000D\000o\000w\000n\000\050\000\051}{subsection.7.1.2}% 336
\BOOKMARK [3][-]{subsubsection.7.1.2.8}{\376\377\0007\000.\0001\000.\0002\000.\0008\000\040\000m\000o\000v\000e\000G\000e\000n\000\050\000\051}{subsection.7.1.2}% 337
\BOOKMARK [3][-]{subsubsection.7.1.2.9}{\376\377\0007\000.\0001\000.\0002\000.\0009\000\040\000m\000o\000v\000e\000L\000a\000s\000t\000\050\000\051}{subsection.7.1.2}% 338
\BOOKMARK [3][-]{subsubsection.7.1.2.10}{\376\377\0007\000.\0001\000.\0002\000.\0001\0000\000\040\000m\000o\000v\000e\000L\000e\000f\000t\000\050\000\051}{subsection.7.1.2}% 339
\BOOKMARK [3][-]{subsubsection.7.1.2.11}{\376\377\0007\000.\0001\000.\0002\000.\0001\0001\000\040\000m\000o\000v\000e\000N\000e\000x\000t\000\050\000\051}{subsection.7.1.2}% 340
\BOOKMARK [3][-]{subsubsection.7.1.2.12}{\376\377\0007\000.\0001\000.\0002\000.\0001\0002\000\040\000m\000o\000v\000e\000R\000i\000g\000h\000t\000\050\000\051}{subsection.7.1.2}% 341
\BOOKMARK [3][-]{subsubsection.7.1.2.13}{\376\377\0007\000.\0001\000.\0002\000.\0001\0003\000\040\000m\000o\000v\000e\000U\000p\000\050\000\051}{subsection.7.1.2}% 342
\BOOKMARK [3][-]{subsubsection.7.1.2.14}{\376\377\0007\000.\0001\000.\0002\000.\0001\0004\000\040\000p\000o\000p\000u\000l\000a\000t\000e\000L\000o\000c\000a\000t\000i\000o\000n\000s\000\050\000\051}{subsection.7.1.2}% 343
\BOOKMARK [3][-]{subsubsection.7.1.2.15}{\376\377\0007\000.\0001\000.\0002\000.\0001\0005\000\040\000r\000e\000s\000e\000t\000\050\000\051}{subsection.7.1.2}% 344
\BOOKMARK [3][-]{subsubsection.7.1.2.16}{\376\377\0007\000.\0001\000.\0002\000.\0001\0006\000\040\000s\000e\000t\000\050\000\051}{subsection.7.1.2}% 345
\BOOKMARK [3][-]{subsubsection.7.1.2.17}{\376\377\0007\000.\0001\000.\0002\000.\0001\0007\000\040\000s\000e\000t\000u\000p\000\050\000\051}{subsection.7.1.2}% 346
\BOOKMARK [3][-]{subsubsection.7.1.2.18}{\376\377\0007\000.\0001\000.\0002\000.\0001\0008\000\040\000s\000t\000e\000p\000p\000e\000r\000B\000\050\000\051}{subsection.7.1.2}% 347
\BOOKMARK [3][-]{subsubsection.7.1.2.19}{\376\377\0007\000.\0001\000.\0002\000.\0001\0009\000\040\000s\000t\000e\000p\000p\000e\000r\000T\000\050\000\051}{subsection.7.1.2}% 348
\BOOKMARK [2][-]{subsection.7.1.3}{\376\377\0007\000.\0001\000.\0003\000\040\000V\000a\000r\000i\000a\000b\000l\000e\000\040\000D\000o\000c\000u\000m\000e\000n\000t\000a\000t\000i\000o\000n}{section.7.1}% 349
\BOOKMARK [3][-]{subsubsection.7.1.3.1}{\376\377\0007\000.\0001\000.\0003\000.\0001\000\040\000a\000c\000c\000e\000l\000e\000r\000a\000t\000i\000o\000n}{subsection.7.1.3}% 350
\BOOKMARK [3][-]{subsubsection.7.1.3.2}{\376\377\0007\000.\0001\000.\0003\000.\0002\000\040\000A\000F\000M\000S}{subsection.7.1.3}% 351
\BOOKMARK [3][-]{subsubsection.7.1.3.3}{\376\377\0007\000.\0001\000.\0003\000.\0003\000\040\000c\000o\000l\000u\000m\000n\000s}{subsection.7.1.3}% 352
\BOOKMARK [3][-]{subsubsection.7.1.3.4}{\376\377\0007\000.\0001\000.\0003\000.\0004\000\040\000d\000e\000l\000a\000y\000R\000P\000M}{subsection.7.1.3}% 353
\BOOKMARK [3][-]{subsubsection.7.1.3.5}{\376\377\0007\000.\0001\000.\0003\000.\0005\000\040\000l\000i\000m\000i\000t\000S\000w\000i\000t\000c\000h\000B}{subsection.7.1.3}% 354
\BOOKMARK [3][-]{subsubsection.7.1.3.6}{\376\377\0007\000.\0001\000.\0003\000.\0006\000\040\000l\000i\000m\000i\000t\000S\000w\000i\000t\000c\000h\000T}{subsection.7.1.3}% 355
\BOOKMARK [3][-]{subsubsection.7.1.3.7}{\376\377\0007\000.\0001\000.\0003\000.\0007\000\040\000l\000o\000c\000a\000t\000i\000o\000n\000s}{subsection.7.1.3}% 356
\BOOKMARK [3][-]{subsubsection.7.1.3.8}{\376\377\0007\000.\0001\000.\0003\000.\0008\000\040\000m\000a\000x\000i\000m\000u\000m\000S\000p\000e\000e\000d}{subsection.7.1.3}% 357
\BOOKMARK [3][-]{subsubsection.7.1.3.9}{\376\377\0007\000.\0001\000.\0003\000.\0009\000\040\000m\000y\000M\000o\000t\000o\000r\000B}{subsection.7.1.3}% 358
\BOOKMARK [3][-]{subsubsection.7.1.3.10}{\376\377\0007\000.\0001\000.\0003\000.\0001\0000\000\040\000m\000y\000M\000o\000t\000o\000r\000T}{subsection.7.1.3}% 359
\BOOKMARK [3][-]{subsubsection.7.1.3.11}{\376\377\0007\000.\0001\000.\0003\000.\0001\0001\000\040\000m\000y\000P\000o\000s\000i\000t\000i\000o\000n}{subsection.7.1.3}% 360
\BOOKMARK [3][-]{subsubsection.7.1.3.12}{\376\377\0007\000.\0001\000.\0003\000.\0001\0002\000\040\000n\000u\000m\000L\000o\000c\000a\000t\000i\000o\000n\000s}{subsection.7.1.3}% 361
\BOOKMARK [3][-]{subsubsection.7.1.3.13}{\376\377\0007\000.\0001\000.\0003\000.\0001\0003\000\040\000p\000o\000s\000i\000t\000i\000o\000n\000s}{subsection.7.1.3}% 362
\BOOKMARK [3][-]{subsubsection.7.1.3.14}{\376\377\0007\000.\0001\000.\0003\000.\0001\0004\000\040\000r\000o\000w\000s}{subsection.7.1.3}% 363
\BOOKMARK [3][-]{subsubsection.7.1.3.15}{\376\377\0007\000.\0001\000.\0003\000.\0001\0005\000\040\000s\000t\000e\000p\000p\000e\000r\000s}{subsection.7.1.3}% 364
\BOOKMARK [3][-]{subsubsection.7.1.3.16}{\376\377\0007\000.\0001\000.\0003\000.\0001\0006\000\040\000s\000t\000e\000p\000s\000P\000e\000r\000R\000e\000v\000o\000l\000u\000t\000i\000o\000n}{subsection.7.1.3}% 365
\BOOKMARK [3][-]{subsubsection.7.1.3.17}{\376\377\0007\000.\0001\000.\0003\000.\0001\0007\000\040\000s\000t\000e\000p\000s\000P\000e\000r\000W\000e\000l\000l}{subsection.7.1.3}% 366
\BOOKMARK [3][-]{subsubsection.7.1.3.18}{\376\377\0007\000.\0001\000.\0003\000.\0001\0008\000\040\000s\000t\000e\000p\000s\000T\000o\000E\000j\000e\000c\000t}{subsection.7.1.3}% 367
\BOOKMARK [3][-]{subsubsection.7.1.3.19}{\376\377\0007\000.\0001\000.\0003\000.\0001\0009\000\040\000T\000w\000o\000S\000w\000i\000t\000c\000h\000A}{subsection.7.1.3}% 368
\BOOKMARK [3][-]{subsubsection.7.1.3.20}{\376\377\0007\000.\0001\000.\0003\000.\0002\0000\000\040\000T\000w\000o\000S\000w\000i\000t\000c\000h\000B}{subsection.7.1.3}% 369
\BOOKMARK [3][-]{subsubsection.7.1.3.21}{\376\377\0007\000.\0001\000.\0003\000.\0002\0001\000\040\000T\000w\000o\000S\000w\000i\000t\000c\000h\000C}{subsection.7.1.3}% 370
\BOOKMARK [1][-]{section.7.2}{\376\377\0007\000.\0002\000\040\000C\000o\000l\000l\000e\000c\000t\000i\000o\000n\000.\000p\000y\000\040\000F\000i\000l\000e\000\040\000R\000e\000f\000e\000r\000e\000n\000c\000e}{chapter.7}% 371
\BOOKMARK [1][-]{section.7.3}{\376\377\0007\000.\0003\000\040\000f\000a\000k\000e\000S\000e\000r\000i\000a\000l\000.\000p\000y\000\040\000F\000i\000l\000e\000\040\000R\000e\000f\000e\000r\000e\000n\000c\000e}{chapter.7}% 372
\BOOKMARK [1][-]{section.7.4}{\376\377\0007\000.\0004\000\040\000g\000u\000i\000.\000p\000y\000\040\000F\000i\000l\000e\000\040\000R\000e\000f\000e\000r\000e\000n\000c\000e}{chapter.7}% 373
\BOOKMARK [1][-]{section.7.5}{\376\377\0007\000.\0005\000\040\000l\000o\000c\000a\000t\000i\000o\000n\000P\000o\000p\000u\000l\000a\000t\000e\000.\000c\000p\000p\000\040\000F\000i\000l\000e\000\040\000R\000e\000f\000e\000r\000e\000n\000c\000e}{chapter.7}% 374
\BOOKMARK [2][-]{subsection.7.5.1}{\376\377\0007\000.\0005\000.\0001\000\040\000F\000u\000n\000c\000t\000i\000o\000n\000\040\000D\000o\000c\000u\000m\000e\000n\000t\000a\000t\000i\000o\000n}{section.7.5}% 375
\BOOKMARK [3][-]{subsubsection.7.5.1.1}{\376\377\0007\000.\0005\000.\0001\000.\0001\000\040\000m\000a\000i\000n\000\050\000\051}{subsection.7.5.1}% 376
\BOOKMARK [3][-]{subsubsection.7.5.1.2}{\376\377\0007\000.\0005\000.\0001\000.\0002\000\040\000p\000o\000p\000u\000l\000a\000t\000e\000L\000o\000c\000a\000t\000i\000o\000n\000s\000\050\000\051}{subsection.7.5.1}% 377
\BOOKMARK [2][-]{subsection.7.5.2}{\376\377\0007\000.\0005\000.\0002\000\040\000V\000a\000r\000i\000a\000b\000l\000e\000\040\000D\000o\000c\000u\000m\000e\000n\000t\000a\000t\000i\000o\000n}{section.7.5}% 378
\BOOKMARK [3][-]{subsubsection.7.5.2.1}{\376\377\0007\000.\0005\000.\0002\000.\0001\000\040\000c\000o\000l\000u\000m\000n\000s}{subsection.7.5.2}% 379
\BOOKMARK [3][-]{subsubsection.7.5.2.2}{\376\377\0007\000.\0005\000.\0002\000.\0002\000\040\000n\000u\000m\000L\000o\000c\000a\000t\000i\000o\000n\000s}{subsection.7.5.2}% 380
\BOOKMARK [3][-]{subsubsection.7.5.2.3}{\376\377\0007\000.\0005\000.\0002\000.\0003\000\040\000r\000o\000w\000s}{subsection.7.5.2}% 381
\BOOKMARK [3][-]{subsubsection.7.5.2.4}{\376\377\0007\000.\0005\000.\0002\000.\0004\000\040\000s\000t\000e\000p\000s\000P\000e\000r\000W\000e\000l\000l}{subsection.7.5.2}% 382
\BOOKMARK [3][-]{subsubsection.7.5.2.5}{\376\377\0007\000.\0005\000.\0002\000.\0005\000\040\000s\000t\000e\000p\000s\000T\000o\000E\000j\000e\000c\000t}{subsection.7.5.2}% 383
\BOOKMARK [1][-]{section.7.6}{\376\377\0007\000.\0006\000\040\000M\000s\000w\000i\000t\000c\000h\000.\000p\000y\000\040\000F\000i\000l\000e\000\040\000R\000e\000f\000e\000r\000e\000n\000c\000e}{chapter.7}% 384
\BOOKMARK [1][-]{section.7.7}{\376\377\0007\000.\0007\000\040\000P\000u\000m\000p\000.\000p\000y\000\040\000F\000i\000l\000e\000\040\000R\000e\000f\000e\000r\000e\000n\000c\000e}{chapter.7}% 385
\BOOKMARK [1][-]{section.7.8}{\376\377\0007\000.\0008\000\040\000T\000w\000o\000S\000w\000i\000t\000c\000h\000.\000p\000y\000\040\000F\000i\000l\000e\000\040\000R\000e\000f\000e\000r\000e\000n\000c\000e}{chapter.7}% 386
\BOOKMARK [1][-]{section.7.9}{\376\377\0007\000.\0009\000\040\000X\000Y\000S\000t\000a\000g\000e\000\137\000L\000i\000m\000i\000t\000S\000w\000i\000t\000c\000h\000\137\000T\000w\000o\000S\000w\000i\000t\000c\000h\000\137\000C\000o\000n\000t\000r\000o\000l\000.\000c\000p\000p\000\040\000F\000i\000l\000e\000\040\000R\000e\000f\000e\000r\000e\000n\000c\000e}{chapter.7}% 387
\BOOKMARK [2][-]{subsection.7.9.1}{\376\377\0007\000.\0009\000.\0001\000\040\000F\000u\000n\000c\000t\000i\000o\000n\000\040\000D\000o\000c\000u\000m\000e\000n\000t\000a\000t\000i\000o\000n}{section.7.9}% 388
\BOOKMARK [3][-]{subsubsection.7.9.1.1}{\376\377\0007\000.\0009\000.\0001\000.\0001\000\040\000b\000a\000c\000k\000w\000a\000r\000d\000s\000t\000e\000p\0001\000\050\000\051}{subsection.7.9.1}% 389
\BOOKMARK [3][-]{subsubsection.7.9.1.2}{\376\377\0007\000.\0009\000.\0001\000.\0002\000\040\000b\000a\000c\000k\000w\000a\000r\000d\000s\000t\000e\000p\0002\000\050\000\051}{subsection.7.9.1}% 390
\BOOKMARK [3][-]{subsubsection.7.9.1.3}{\376\377\0007\000.\0009\000.\0001\000.\0003\000\040\000e\000j\000e\000c\000t\000\050\000\051}{subsection.7.9.1}% 391
\BOOKMARK [3][-]{subsubsection.7.9.1.4}{\376\377\0007\000.\0009\000.\0001\000.\0004\000\040\000f\000o\000r\000w\000a\000r\000d\000s\000t\000e\000p\0001\000\050\000\051}{subsection.7.9.1}% 392
\BOOKMARK [3][-]{subsubsection.7.9.1.5}{\376\377\0007\000.\0009\000.\0001\000.\0005\000\040\000f\000o\000r\000w\000a\000r\000d\000s\000t\000e\000p\0002\000\050\000\051}{subsection.7.9.1}% 393
\BOOKMARK [3][-]{subsubsection.7.9.1.6}{\376\377\0007\000.\0009\000.\0001\000.\0006\000\040\000l\000o\000o\000p\000\050\000\051}{subsection.7.9.1}% 394
\BOOKMARK [3][-]{subsubsection.7.9.1.7}{\376\377\0007\000.\0009\000.\0001\000.\0007\000\040\000m\000o\000v\000e\000D\000o\000w\000n\000\050\000\051}{subsection.7.9.1}% 395
\BOOKMARK [3][-]{subsubsection.7.9.1.8}{\376\377\0007\000.\0009\000.\0001\000.\0008\000\040\000m\000o\000v\000e\000G\000e\000n\000\050\000\051}{subsection.7.9.1}% 396
\BOOKMARK [3][-]{subsubsection.7.9.1.9}{\376\377\0007\000.\0009\000.\0001\000.\0009\000\040\000m\000o\000v\000e\000L\000a\000s\000t\000\050\000\051}{subsection.7.9.1}% 397
\BOOKMARK [3][-]{subsubsection.7.9.1.10}{\376\377\0007\000.\0009\000.\0001\000.\0001\0000\000\040\000m\000o\000v\000e\000L\000e\000f\000t\000\050\000\051}{subsection.7.9.1}% 398
\BOOKMARK [3][-]{subsubsection.7.9.1.11}{\376\377\0007\000.\0009\000.\0001\000.\0001\0001\000\040\000m\000o\000v\000e\000N\000e\000x\000t\000\050\000\051}{subsection.7.9.1}% 399
\BOOKMARK [3][-]{subsubsection.7.9.1.12}{\376\377\0007\000.\0009\000.\0001\000.\0001\0002\000\040\000m\000o\000v\000e\000R\000i\000g\000h\000t\000\050\000\051}{subsection.7.9.1}% 400
\BOOKMARK [3][-]{subsubsection.7.9.1.13}{\376\377\0007\000.\0009\000.\0001\000.\0001\0003\000\040\000m\000o\000v\000e\000U\000p\000\050\000\051}{subsection.7.9.1}% 401
\BOOKMARK [3][-]{subsubsection.7.9.1.14}{\376\377\0007\000.\0009\000.\0001\000.\0001\0004\000\040\000p\000o\000p\000u\000l\000a\000t\000e\000L\000o\000c\000a\000t\000i\000o\000n\000s\000\050\000\051}{subsection.7.9.1}% 402
\BOOKMARK [3][-]{subsubsection.7.9.1.15}{\376\377\0007\000.\0009\000.\0001\000.\0001\0005\000\040\000r\000e\000s\000e\000t\000\050\000\051}{subsection.7.9.1}% 403
\BOOKMARK [3][-]{subsubsection.7.9.1.16}{\376\377\0007\000.\0009\000.\0001\000.\0001\0006\000\040\000s\000e\000t\000\050\000\051}{subsection.7.9.1}% 404
\BOOKMARK [3][-]{subsubsection.7.9.1.17}{\376\377\0007\000.\0009\000.\0001\000.\0001\0007\000\040\000s\000e\000t\000u\000p\000\050\000\051}{subsection.7.9.1}% 405
\BOOKMARK [3][-]{subsubsection.7.9.1.18}{\376\377\0007\000.\0009\000.\0001\000.\0001\0008\000\040\000s\000t\000e\000p\000p\000e\000r\000B\000\050\000\051}{subsection.7.9.1}% 406
\BOOKMARK [3][-]{subsubsection.7.9.1.19}{\376\377\0007\000.\0009\000.\0001\000.\0001\0009\000\040\000s\000t\000e\000p\000p\000e\000r\000T\000\050\000\051}{subsection.7.9.1}% 407
\BOOKMARK [2][-]{subsection.7.9.2}{\376\377\0007\000.\0009\000.\0002\000\040\000V\000a\000r\000i\000a\000b\000l\000e\000\040\000D\000o\000c\000u\000m\000e\000n\000t\000a\000t\000i\000o\000n}{section.7.9}% 408
\BOOKMARK [3][-]{subsubsection.7.9.2.1}{\376\377\0007\000.\0009\000.\0002\000.\0001\000\040\000a\000c\000c\000e\000l\000e\000r\000a\000t\000i\000o\000n}{subsection.7.9.2}% 409
\BOOKMARK [3][-]{subsubsection.7.9.2.2}{\376\377\0007\000.\0009\000.\0002\000.\0002\000\040\000A\000F\000M\000S}{subsection.7.9.2}% 410
\BOOKMARK [3][-]{subsubsection.7.9.2.3}{\376\377\0007\000.\0009\000.\0002\000.\0003\000\040\000c\000o\000l\000l\000e\000c\000t\000i\000o\000n\000P\000a\000t\000t\000e\000r\000n}{subsection.7.9.2}% 411
\BOOKMARK [3][-]{subsubsection.7.9.2.4}{\376\377\0007\000.\0009\000.\0002\000.\0004\000\040\000c\000o\000l\000u\000m\000n\000s}{subsection.7.9.2}% 412
\BOOKMARK [3][-]{subsubsection.7.9.2.5}{\376\377\0007\000.\0009\000.\0002\000.\0005\000\040\000d\000e\000l\000a\000y\000R\000P\000M}{subsection.7.9.2}% 413
\BOOKMARK [3][-]{subsubsection.7.9.2.6}{\376\377\0007\000.\0009\000.\0002\000.\0006\000\040\000l\000i\000m\000i\000t\000S\000w\000i\000t\000c\000h\000B}{subsection.7.9.2}% 414
\BOOKMARK [3][-]{subsubsection.7.9.2.7}{\376\377\0007\000.\0009\000.\0002\000.\0007\000\040\000l\000i\000m\000i\000t\000S\000w\000i\000t\000c\000h\000T}{subsection.7.9.2}% 415
\BOOKMARK [3][-]{subsubsection.7.9.2.8}{\376\377\0007\000.\0009\000.\0002\000.\0008\000\040\000l\000o\000c\000a\000t\000i\000o\000n\000s}{subsection.7.9.2}% 416
\BOOKMARK [3][-]{subsubsection.7.9.2.9}{\376\377\0007\000.\0009\000.\0002\000.\0009\000\040\000m\000a\000x\000i\000m\000u\000m\000S\000p\000e\000e\000d}{subsection.7.9.2}% 417
\BOOKMARK [3][-]{subsubsection.7.9.2.10}{\376\377\0007\000.\0009\000.\0002\000.\0001\0000\000\040\000m\000y\000M\000o\000t\000o\000r\000B}{subsection.7.9.2}% 418
\BOOKMARK [3][-]{subsubsection.7.9.2.11}{\376\377\0007\000.\0009\000.\0002\000.\0001\0001\000\040\000m\000y\000M\000o\000t\000o\000r\000T}{subsection.7.9.2}% 419
\BOOKMARK [3][-]{subsubsection.7.9.2.12}{\376\377\0007\000.\0009\000.\0002\000.\0001\0002\000\040\000m\000y\000P\000o\000s\000i\000t\000i\000o\000n}{subsection.7.9.2}% 420
\BOOKMARK [3][-]{subsubsection.7.9.2.13}{\376\377\0007\000.\0009\000.\0002\000.\0001\0003\000\040\000n\000u\000m\000L\000o\000c\000a\000t\000i\000o\000n\000s}{subsection.7.9.2}% 421
\BOOKMARK [3][-]{subsubsection.7.9.2.14}{\376\377\0007\000.\0009\000.\0002\000.\0001\0004\000\040\000p\000o\000s\000i\000t\000i\000o\000n\000s}{subsection.7.9.2}% 422
\BOOKMARK [3][-]{subsubsection.7.9.2.15}{\376\377\0007\000.\0009\000.\0002\000.\0001\0005\000\040\000r\000o\000w\000s}{subsection.7.9.2}% 423
\BOOKMARK [3][-]{subsubsection.7.9.2.16}{\376\377\0007\000.\0009\000.\0002\000.\0001\0006\000\040\000s\000t\000e\000p\000p\000e\000r\000s}{subsection.7.9.2}% 424
\BOOKMARK [3][-]{subsubsection.7.9.2.17}{\376\377\0007\000.\0009\000.\0002\000.\0001\0007\000\040\000s\000t\000e\000p\000s\000P\000e\000r\000R\000e\000v\000o\000l\000u\000t\000i\000o\000n}{subsection.7.9.2}% 425
\BOOKMARK [3][-]{subsubsection.7.9.2.18}{\376\377\0007\000.\0009\000.\0002\000.\0001\0008\000\040\000s\000t\000e\000p\000s\000P\000e\000r\000W\000e\000l\000l}{subsection.7.9.2}% 426
\BOOKMARK [3][-]{subsubsection.7.9.2.19}{\376\377\0007\000.\0009\000.\0002\000.\0001\0009\000\040\000s\000t\000e\000p\000s\000T\000o\000E\000j\000e\000c\000t}{subsection.7.9.2}% 427
\BOOKMARK [3][-]{subsubsection.7.9.2.20}{\376\377\0007\000.\0009\000.\0002\000.\0002\0000\000\040\000T\000w\000o\000S\000w\000i\000t\000c\000h\000A}{subsection.7.9.2}% 428
\BOOKMARK [3][-]{subsubsection.7.9.2.21}{\376\377\0007\000.\0009\000.\0002\000.\0002\0001\000\040\000T\000w\000o\000S\000w\000i\000t\000c\000h\000B}{subsection.7.9.2}% 429
\BOOKMARK [3][-]{subsubsection.7.9.2.22}{\376\377\0007\000.\0009\000.\0002\000.\0002\0002\000\040\000T\000w\000o\000S\000w\000i\000t\000c\000h\000C}{subsection.7.9.2}% 430
\BOOKMARK [0][-]{section*.51}{\376\377\000I\000n\000d\000e\000x}{}% 431
